JvmtiExport can_access_local_variables 0
JvmtiExport can_hotswap_or_post_breakpoint 0
JvmtiExport can_post_on_exceptions 0
# 340 ciObject found
ciMethod java/lang/Object <init> ()V 4097 1 306929 0 0
ciMethod java/lang/Object equals (Ljava/lang/Object;)Z 2073 1 20373 0 -1
ciMethod java/lang/System currentTimeMillis ()J 2065 1 258 0 -1
ciMethod java/lang/ref/Reference get ()Ljava/lang/Object; 1273 1 159 0 -1
ciMethod java/lang/ref/WeakReference <init> (Ljava/lang/Object;)V 2281 1 12089 0 -1
ciMethod java/lang/Thread holdsLock (Ljava/lang/Object;)Z 3081 1 385 0 -1
ciMethod sun/misc/Unsafe ensureClassInitialized (Ljava/lang/Class;)V 761 1 95 0 -1
ciMethod java/util/List size ()I 0 0 1 0 -1
ciMethod java/util/List isEmpty ()Z 0 0 1 0 -1
ciMethod java/util/List get (I)Ljava/lang/Object; 0 0 1 0 -1
ciMethod java/util/ArrayList isEmpty ()Z 3081 1 4811 0 0
ciMethodData java/lang/Object <init> ()V 2 306929 orig 264 88 131 83 97 0 0 0 0 128 4 90 28 0 0 0 0 32 1 0 0 0 0 0 0 0 0 0 0 0 0 0 0 0 0 0 0 0 0 0 0 0 0 0 0 0 0 0 0 0 0 0 0 0 0 0 0 0 0 0 0 0 0 0 0 0 0 0 0 0 0 0 0 0 0 0 0 0 0 0 0 77 68 79 32 101 120 116 114 97 32 100 97 116 97 32 108 111 99 107 0 0 0 0 0 0 0 0 0 0 0 0 0 0 0 0 0 0 0 0 0 0 0 0 0 0 0 0 0 0 0 0 0 0 0 0 0 0 0 0 0 0 0 0 0 0 0 0 0 0 0 0 0 0 0 0 0 0 0 0 0 0 0 0 0 0 0 0 0 0 0 0 0 0 0 0 0 0 0 0 0 0 0 0 0 1 0 0 0 0 0 0 0 1 0 0 0 0 0 0 0 1 0 0 0 0 0 0 0 0 0 0 0 0 0 0 0 0 2 0 0 137 103 37 0 1 0 0 0 0 0 0 0 0 0 0 0 2 0 0 0 0 0 3 0 1 0 0 0 0 0 0 0 255 255 255 255 0 0 0 0 0 0 0 0 data 0 oops 0
ciMethod java/awt/Container getListenersCount (IZ)I 3089 1 5507 0 160
ciMethod java/awt/Container createChildHierarchyEvents (IJZ)V 2065 1 4808 0 0
ciMethod java/awt/Container doLayout ()V 2065 1 5495 0 -1
ciMethod java/awt/Container isValidateRoot ()Z 0 0 1 0 -1
ciMethod java/awt/Container invalidateParent ()V 2073 1 5379 0 1536
ciMethod java/awt/Container invalidate ()V 1985 1 6495 0 1504
ciMethod java/awt/Container validate ()V 1473 1 3951 0 0
ciMethod java/awt/Container validateTree ()V 2065 1817 5495 0 33216
ciMethod java/awt/Container dispatchEventImpl (Ljava/awt/AWTEvent;)V 2065 1 5383 0 1888
ciMethod java/awt/Container getMouseEventTarget (IIZ)Ljava/awt/Component; 1513 1 189 0 -1
ciMethod java/awt/Container findComponentAt (IIZ)Ljava/awt/Component; 993 1 519 0 0
ciMethod java/awt/Container findComponentAtImpl (IIZ)Ljava/awt/Component; 2065 2001 3114 0 -1
ciMethod java/awt/Container preProcessKeyEvent (Ljava/awt/event/KeyEvent;)V 0 0 1 0 -1
ciMethod java/awt/Component getPeer ()Ljava/awt/peer/ComponentPeer; 1081 1 135 0 -1
ciMethod java/awt/Component getTreeLock ()Ljava/lang/Object; 2401 1 188889 0 0
ciMethod java/awt/Component checkTreeLock ()V 2177 1 60643 0 0
ciMethod java/awt/Component isValid ()Z 2145 1 75328 0 0
ciMethod java/awt/Component isVisible ()Z 2145 1 37833 0 32
ciMethod java/awt/Component isVisible_NoClientCode ()Z 1041 1 130 0 0
ciMethod java/awt/Component isRecursivelyVisible ()Z 0 0 1 0 -1
ciMethod java/awt/Component isEnabled ()Z 2049 1 16972 0 -1
ciMethod java/awt/Component location_NoClientCode ()Ljava/awt/Point; 993 1 519 0 0
ciMethod java/awt/Component isPreferredSizeSet ()Z 1025 1 128 0 0
ciMethod java/awt/Component isMinimumSizeSet ()Z 1025 1 128 0 0
ciMethod java/awt/Component isMaximumSizeSet ()Z 1025 1 128 0 0
ciMethod java/awt/Component validate ()V 2065 1 6402 0 -1
ciMethod java/awt/Component invalidate ()V 1985 1 6393 0 864
ciMethod java/awt/Component invalidateParent ()V 2073 1 5379 0 0
ciMethod java/awt/Component invalidateIfValid ()V 3265 1 44891 0 0
ciMethod java/awt/Component updateCursorImmediately ()V 473 1 2213 0 0
ciMethod java/awt/Component getCursor_NoClientCode ()Ljava/awt/Cursor; 2081 1 2595 0 0
ciMethod java/awt/Component dispatchEventImpl (Ljava/awt/AWTEvent;)V 2073 1 5391 0 -1
ciMethod java/awt/Component autoProcessMouseWheel (Ljava/awt/event/MouseWheelEvent;)V 0 0 1 0 -1
ciMethod java/awt/Component dispatchMouseWheelToAncestor (Ljava/awt/event/MouseWheelEvent;)Z 0 0 1 0 -1
ciMethod java/awt/Component checkWindowClosingException ()Z 0 0 1 0 -1
ciMethod java/awt/Component areInputMethodsEnabled ()Z 2097 1 3785 0 -1
ciMethod java/awt/Component eventEnabled (Ljava/awt/AWTEvent;)Z 2049 1 1788 0 -1
ciMethod java/awt/Component eventTypeEnabled (I)Z 1321 1 1788 0 -1
ciMethod java/awt/Component createHierarchyEvents (ILjava/awt/Component;Ljava/awt/Container;JZ)I 3113 1 5509 0 -1
ciMethod java/awt/Component getInputContext ()Ljava/awt/im/InputContext; 1825 1 228 0 -1
ciMethod java/awt/Component processEvent (Ljava/awt/AWTEvent;)V 457 1 57 0 -1
ciMethod java/awt/Component postsOldMouseEvents ()Z 0 0 1 0 -1
ciMethod java/awt/Component getNativeContainer ()Ljava/awt/Container; 201 601 400 0 -1
ciMethod java/awt/Component access$100 (Ljava/awt/Component;)Ljava/awt/Point; 993 1 519 0 0
ciMethod java/awt/event/MouseEvent getX ()I 1025 1 128 0 -1
ciMethod java/awt/event/MouseEvent getY ()I 1025 1 128 0 -1
ciMethod java/awt/event/InputEvent consume ()V 1225 1 153 0 0
ciMethod java/awt/event/InputEvent isConsumed ()Z 1025 1 128 0 -1
ciMethod java/awt/AWTEvent getID ()I 1209 1 151 0 0
ciMethod java/awt/AWTEvent consume ()V 0 0 1 0 -1
ciMethod java/awt/AWTEvent isConsumed ()Z 1033 1 129 0 -1
ciMethod java/awt/AWTEvent convertToOld ()Ljava/awt/Event; 0 0 1 0 -1
ciMethod java/util/EventObject getSource ()Ljava/lang/Object; 1049 1 131 0 -1
ciMethod sun/util/logging/PlatformLogger isLoggable (Lsun/util/logging/PlatformLogger$Level;)Z 2089 1 6413 0 -1
ciMethod sun/util/logging/PlatformLogger finest (Ljava/lang/String;)V 9 1 1 0 -1
ciMethod sun/util/logging/PlatformLogger finest (Ljava/lang/String;[Ljava/lang/Object;)V 0 0 1 0 -1
ciMethod java/awt/Toolkit getDefaultToolkit ()Ljava/awt/Toolkit; 2049 1 26238 0 -1
ciMethod java/awt/Toolkit enabledOnToolkit (J)Z 2097 1 29155 0 0
ciMethod java/awt/Toolkit notifyAWTEventListeners (Ljava/awt/AWTEvent;)V 2297 1 3785 0 -1
ciMethod sun/awt/AWTAccessor getComponentAccessor ()Lsun/awt/AWTAccessor$ComponentAccessor; 2065 1 11596 0 96
ciMethod sun/awt/AWTAccessor getContainerAccessor ()Lsun/awt/AWTAccessor$ContainerAccessor; 993 1 519 0 0
ciMethod java/awt/peer/ComponentPeer handleEvent (Ljava/awt/AWTEvent;)V 0 0 1 0 -1
ciMethod java/awt/peer/ComponentPeer updateCursorImmediately ()V 0 0 1 0 -1
ciMethod java/awt/peer/ComponentPeer handlesWheelScrolling ()Z 0 0 1 0 -1
ciMethod sun/awt/windows/WComponentPeer handleJavaKeyEvent (Ljava/awt/event/KeyEvent;)Z 0 0 6 0 -1
ciMethod sun/awt/windows/WComponentPeer handleJavaMouseEvent (Ljava/awt/event/MouseEvent;)V 713 1 131 0 -1
ciMethod sun/awt/windows/WComponentPeer nativeHandleEvent (Ljava/awt/AWTEvent;)V 3073 1 384 0 -1
ciMethod sun/awt/windows/WComponentPeer handleEvent (Ljava/awt/AWTEvent;)V 3081 1 3792 0 0
ciMethod sun/awt/windows/WComponentPeer handleJavaFocusEvent (Ljava/awt/event/FocusEvent;)V 17 1 2 0 -1
ciMethod sun/awt/windows/WComponentPeer updateCursorImmediately ()V 2049 1 2213 0 0
ciMethod sun/awt/windows/WComponentPeer beginValidate ()V 2049 1 256 0 -1
ciMethod sun/awt/windows/WComponentPeer endValidate ()V 3073 1 384 0 -1
ciMethod sun/awt/windows/WComponentPeer shouldClearRectBeforePaint ()Z 0 0 1 0 -1
ciMethod sun/awt/AWTAccessor$ComponentAccessor getLocation (Ljava/awt/Component;)Ljava/awt/Point; 0 0 1 0 -1
ciMethod sun/awt/AWTAccessor$ComponentAccessor getCursor (Ljava/awt/Component;)Ljava/awt/Cursor; 0 0 1 0 -1
ciMethod java/awt/Component$1 getLocation (Ljava/awt/Component;)Ljava/awt/Point; 993 1 519 0 0
ciMethod java/awt/Component$1 getCursor (Ljava/awt/Component;)Ljava/awt/Cursor; 993 1 519 0 0
ciMethod java/awt/LightweightDispatcher dispatchEvent (Ljava/awt/AWTEvent;)Z 2073 1 5326 0 0
ciMethod java/awt/LightweightDispatcher isMouseGrab (Ljava/awt/event/MouseEvent;)Z 1513 1 189 0 -1
ciMethod java/awt/LightweightDispatcher processMouseEvent (Ljava/awt/event/MouseEvent;)Z 521 1 189 0 0
ciMethod java/awt/LightweightDispatcher processDropTargetEvent (Lsun/awt/dnd/SunDropTargetEvent;)Z 0 0 1 0 -1
ciMethod java/awt/LightweightDispatcher trackMouseEnterExit (Ljava/awt/Component;Ljava/awt/event/MouseEvent;)V 1513 1 189 0 -1
ciMethod java/awt/LightweightDispatcher retargetMouseEvent (Ljava/awt/Component;ILjava/awt/event/MouseEvent;)V 457 1825 57 0 -1
ciMethod sun/awt/AWTAccessor$ContainerAccessor findComponentAt (Ljava/awt/Container;IIZ)Ljava/awt/Component; 0 0 1 0 -1
ciMethod java/awt/Container$1 findComponentAt (Ljava/awt/Container;IIZ)Ljava/awt/Component; 993 1 519 0 0
ciMethod sun/awt/AppContext getAppContext ()Lsun/awt/AppContext; 3161 1 5564 0 -1
ciMethod sun/awt/WindowClosingListener windowClosingNotify (Ljava/awt/event/WindowEvent;)Ljava/lang/RuntimeException; 0 0 1 0 -1
ciMethod sun/awt/WindowClosingListener windowClosingDelivered (Ljava/awt/event/WindowEvent;)Ljava/lang/RuntimeException; 0 0 1 0 -1
ciMethod sun/awt/SunToolkit showOrHideTouchKeyboard (Ljava/awt/Component;Ljava/awt/AWTEvent;)V 0 0 1 0 -1
ciMethod sun/awt/SunToolkit isTouchKeyboardAutoShowEnabled ()Z 2049 1 3786 0 -1
ciMethod java/awt/EventQueue setCurrentEventAndMostRecentTime (Ljava/awt/AWTEvent;)V 3089 1 5391 0 -1
ciMethod java/awt/KeyboardFocusManager getCurrentKeyboardFocusManager ()Ljava/awt/KeyboardFocusManager; 2105 1 31348 0 -1
ciMethod java/awt/KeyboardFocusManager dispatchEvent (Ljava/awt/AWTEvent;)Z 0 0 1 0 -1
ciMethod java/awt/KeyboardFocusManager processKeyEvent (Ljava/awt/Component;Ljava/awt/event/KeyEvent;)V 0 0 1 0 -1
ciMethod java/awt/KeyboardFocusManager retargetFocusEvent (Ljava/awt/AWTEvent;)Ljava/awt/AWTEvent; 2049 1 3734 0 -1
ciMethod java/awt/Window dispatchEventImpl (Ljava/awt/AWTEvent;)V 2057 1 5378 0 -1
ciMethod java/awt/Cursor getPredefinedCursor (I)Ljava/awt/Cursor; 433 1 2706 0 -1
ciMethod java/awt/Point <init> ()V 993 1 519 0 0
ciMethod java/awt/Point <init> (II)V 1121 1 1042 0 0
ciMethod java/awt/geom/Point2D <init> ()V 1313 1 1066 0 0
ciMethod java/awt/LayoutManager2 invalidateLayout (Ljava/awt/Container;)V 0 0 1 0 -1
ciMethod java/awt/peer/ContainerPeer beginValidate ()V 0 0 1 0 -1
ciMethod java/awt/peer/ContainerPeer endValidate ()V 0 0 1 0 -1
ciMethod java/awt/peer/ContainerPeer beginLayout ()V 0 0 1 0 -1
ciMethod java/awt/peer/ContainerPeer endLayout ()V 0 0 1 0 -1
ciMethod sun/awt/RepaintArea paint (Ljava/lang/Object;Z)V 0 0 1 0 -1
ciMethod sun/awt/dnd/SunDropTargetEvent dispatch ()V 0 0 1 0 -1
ciMethod sun/awt/windows/WGlobalCursorManager <init> ()V 9 1 1 0 -1
ciMethod sun/awt/windows/WGlobalCursorManager getCursorManager ()Lsun/awt/GlobalCursorManager; 2049 1 2423 0 0
ciMethod sun/awt/windows/WGlobalCursorManager setCursor (Ljava/awt/Component;Ljava/awt/Cursor;Z)V 2049 1 256 0 -1
ciMethod sun/awt/windows/WGlobalCursorManager getCursorPos (Ljava/awt/Point;)V 2049 1 256 0 -1
ciMethod sun/awt/windows/WGlobalCursorManager findHeavyweightUnderCursor (Z)Ljava/awt/Component; 2049 1 256 0 -1
ciMethod sun/awt/GlobalCursorManager updateCursorImmediately ()V 2049 1 2213 0 0
ciMethod sun/awt/GlobalCursorManager setCursor (Ljava/awt/Component;Ljava/awt/Cursor;Z)V 0 0 1 0 -1
ciMethod sun/awt/GlobalCursorManager getCursorPos (Ljava/awt/Point;)V 0 0 1 0 -1
ciMethod sun/awt/GlobalCursorManager getLocationOnScreen (Ljava/awt/Component;)Ljava/awt/Point; 0 0 1 0 -1
ciMethod sun/awt/GlobalCursorManager findHeavyweightUnderCursor (Z)Ljava/awt/Component; 0 0 1 0 -1
ciMethod sun/awt/GlobalCursorManager _updateCursor (Z)V 2049 1 2218 0 0
ciMethod sun/awt/GlobalCursorManager updateCursorOutOfJava ()V 1049 1 1699 0 0
ciMethodData java/awt/Component getTreeLock ()Ljava/lang/Object; 2 188893 orig 264 88 131 83 97 0 0 0 0 168 23 127 28 0 0 0 0 32 1 0 0 0 0 0 0 0 0 0 0 0 0 0 0 0 0 0 0 0 0 0 0 0 0 0 0 0 0 0 0 0 0 0 0 0 0 0 0 0 0 0 0 0 0 0 0 0 0 0 0 0 0 0 0 0 0 0 0 0 0 0 0 77 68 79 32 101 120 116 114 97 32 100 97 116 97 32 108 111 99 107 0 0 0 0 0 0 0 0 0 0 0 0 0 0 0 0 0 0 0 0 0 0 0 0 0 0 0 0 0 0 0 0 0 0 0 0 0 0 0 0 0 0 0 0 0 0 0 0 0 0 0 0 0 0 0 0 0 0 0 0 0 0 0 0 0 0 0 0 0 0 0 0 0 0 0 0 0 0 0 0 0 0 0 0 0 1 0 0 0 0 0 0 0 1 0 0 0 0 0 0 0 1 0 0 0 0 0 0 0 0 0 0 0 0 0 0 0 44 1 0 0 137 5 23 0 1 0 0 0 0 0 0 0 0 0 0 0 2 0 0 0 0 0 3 0 1 0 0 0 0 0 0 0 255 255 255 255 0 0 0 0 0 0 0 0 data 0 oops 0
ciMethodData java/awt/Component isValid ()Z 2 75328 orig 264 88 131 83 97 0 0 0 0 56 26 127 28 0 0 0 0 120 1 0 0 0 0 0 0 0 0 0 0 0 0 0 0 0 0 0 0 0 0 0 0 0 0 0 0 0 0 0 0 0 0 0 0 0 0 0 0 0 0 0 0 0 0 0 0 0 0 0 0 0 0 0 0 0 0 0 0 0 0 0 0 77 68 79 32 101 120 116 114 97 32 100 97 116 97 32 108 111 99 107 0 0 0 0 0 0 0 0 0 0 0 0 0 0 0 0 0 0 0 0 0 0 0 0 0 0 0 0 0 0 0 0 0 0 0 0 0 0 0 0 0 0 0 0 0 0 0 0 0 0 0 0 0 0 0 0 0 0 0 0 0 0 0 0 0 0 0 0 0 0 0 0 0 0 0 0 0 0 0 0 0 0 0 0 0 1 0 0 0 0 0 0 0 0 0 0 0 0 0 0 0 1 0 0 0 0 0 0 0 0 0 0 0 0 0 0 0 12 1 0 0 161 41 9 0 1 0 0 0 0 0 0 0 0 0 0 0 2 0 0 0 0 0 9 0 2 0 0 0 88 0 0 0 255 255 255 255 7 0 4 0 0 0 0 0 data 11 0x40007 0x8c43 0x58 0x98f3 0xb0007 0x8cd8 0x38 0xc1b 0xf0003 0xc1b 0x18 oops 0
ciMethodData sun/awt/AWTAccessor getComponentAccessor ()Lsun/awt/AWTAccessor$ComponentAccessor; 2 11596 orig 264 88 131 83 97 0 0 0 0 80 162 132 28 0 0 0 0 144 1 0 0 0 0 0 0 0 0 0 0 0 0 0 0 0 0 0 0 0 0 0 0 0 0 0 0 0 0 0 0 0 0 0 0 0 0 0 0 0 0 0 0 0 0 0 0 0 0 0 0 0 0 0 0 0 0 0 0 0 0 0 0 77 68 79 32 101 120 116 114 97 32 100 97 116 97 32 108 111 99 107 0 0 0 0 0 0 0 0 0 0 0 0 0 0 0 0 0 0 0 0 0 0 0 0 0 0 0 0 0 0 0 0 0 0 0 0 0 0 0 0 0 0 0 0 0 0 0 0 0 0 0 0 0 0 0 0 0 0 0 0 0 0 0 0 0 0 0 0 0 0 0 0 0 0 0 0 0 0 0 0 0 0 0 0 0 0 0 0 0 0 0 0 0 0 0 0 0 0 0 0 0 0 0 0 0 0 0 0 0 0 0 0 0 0 0 0 0 2 1 0 0 81 98 1 0 1 0 0 0 0 0 0 0 0 0 0 0 2 0 0 0 0 0 6 0 2 0 0 0 80 0 0 0 255 255 255 255 7 0 3 0 0 0 0 0 data 10 0x30007 0x2c4b 0x50 0x0 0xb0005 0x0 0x0 0x0 0x0 0x0 oops 0
ciMethod java/awt/im/InputContext dispatchEvent (Ljava/awt/AWTEvent;)V 0 0 1 0 -1
ciMethod sun/awt/im/InputContext disableNativeIM ()V 0 0 1 0 -1
ciMethodData java/awt/Component checkTreeLock ()V 2 60643 orig 264 88 131 83 97 0 0 0 0 80 24 127 28 0 0 0 0 184 1 0 0 0 0 0 0 0 0 0 0 0 0 0 0 0 0 0 0 0 0 0 0 0 0 0 0 0 0 0 0 0 0 0 0 0 0 0 0 0 0 0 0 0 0 0 0 0 0 0 0 0 0 0 0 0 0 0 0 0 0 0 0 77 68 79 32 101 120 116 114 97 32 100 97 116 97 32 108 111 99 107 0 0 0 0 0 0 0 0 0 0 0 0 0 0 0 0 0 0 0 0 0 0 0 0 0 0 0 0 0 0 0 0 0 0 0 0 0 0 0 0 0 0 0 0 0 0 0 0 0 0 0 0 0 0 0 0 0 0 0 0 0 0 0 0 0 0 0 0 0 0 0 0 0 0 0 0 0 0 0 0 0 0 0 0 0 25 0 0 0 0 0 0 0 0 0 0 0 0 0 0 0 1 0 0 0 0 0 0 0 0 0 0 0 0 0 0 0 16 1 0 0 153 94 7 0 1 0 0 0 0 0 0 0 0 0 0 0 2 0 0 0 0 0 5 0 2 0 0 0 112 0 0 0 255 255 255 255 5 0 1 0 0 0 0 0 data 14 0x10005 0x9d32 0x1e7fb750 0x212a 0x20995230 0x2d77 0x40002 0xebd3 0x70007 0xebd3 0x30 0x0 0x100002 0x0 oops 2 2 javax/swing/JFrame 4 javax/swing/JRootPane
ciMethodData java/awt/Component invalidateIfValid ()V 2 44891 orig 264 88 131 83 97 0 0 0 0 104 94 127 28 0 0 0 0 200 1 0 0 0 0 0 0 0 0 0 0 0 0 0 0 0 0 0 0 0 0 0 0 0 0 0 0 0 0 0 0 0 0 0 0 0 0 0 0 0 0 0 0 0 0 0 0 0 0 0 0 0 0 0 0 0 0 0 0 0 0 0 0 77 68 79 32 101 120 116 114 97 32 100 97 116 97 32 108 111 99 107 0 0 0 0 0 0 0 0 0 0 0 0 0 0 0 0 0 0 0 0 0 0 0 0 0 0 0 0 0 0 0 0 0 0 0 0 0 0 0 0 0 0 0 0 0 0 0 0 0 0 0 0 0 0 0 0 0 0 0 0 0 0 0 0 0 0 0 0 0 0 0 0 0 0 0 0 0 0 0 0 0 0 0 0 0 0 0 0 0 0 0 0 0 0 0 0 0 0 0 0 0 0 0 0 0 0 0 0 0 0 0 0 0 0 0 0 0 152 1 0 0 25 110 5 0 1 0 0 0 0 0 0 0 0 0 0 0 2 0 0 0 0 0 13 0 2 0 0 0 128 0 0 0 255 255 255 255 5 0 1 0 0 0 0 0 data 16 0x10005 0x5fd7 0x209950d0 0x424d 0x1e7a3160 0xba0 0x40007 0xa536 0x50 0x88d 0x80005 0x473 0x209950d0 0x2fc 0x20995180 0x11e oops 4 2 javax/swing/JPanel 4 javax/swing/JButton 12 javax/swing/JPanel 14 javax/swing/JLayeredPane
ciMethodData java/awt/Component isVisible ()Z 2 37833 orig 264 88 131 83 97 0 0 0 0 120 27 127 28 0 0 0 0 120 1 0 0 0 0 0 0 0 0 0 0 0 0 0 0 0 0 0 0 0 0 0 0 0 0 0 0 0 0 0 0 0 0 0 0 0 0 0 0 0 0 0 0 0 0 0 0 0 0 0 0 0 0 0 0 0 0 0 0 0 0 0 0 77 68 79 32 101 120 116 114 97 32 100 97 116 97 32 108 111 99 107 0 0 0 0 0 0 0 0 0 0 0 0 0 0 0 0 0 0 0 0 0 0 0 0 0 0 0 0 0 0 0 0 0 0 0 0 0 0 0 0 0 0 0 0 0 0 0 0 0 0 0 0 0 0 0 0 0 0 0 0 0 0 0 0 0 0 0 0 0 0 0 0 0 0 0 0 0 0 0 0 0 0 0 0 0 0 0 0 0 0 0 0 0 0 0 0 0 0 0 0 0 0 0 0 0 0 0 0 0 0 0 0 0 0 0 0 0 12 1 0 0 233 149 4 0 1 0 0 0 0 0 0 0 0 0 0 0 2 0 0 0 0 0 3 0 2 0 0 0 48 0 0 0 255 255 255 255 5 0 1 0 0 0 0 0 data 6 0x10005 0x5ce5 0x1e7fb750 0x1fe4 0x20995230 0x15f4 oops 2 2 javax/swing/JFrame 4 javax/swing/JRootPane
ciMethodData java/awt/Toolkit enabledOnToolkit (J)Z 2 29155 orig 264 88 131 83 97 0 0 0 0 120 115 132 28 0 0 0 0 96 1 0 0 0 0 0 0 0 0 0 0 0 0 0 0 0 0 0 0 0 0 0 0 0 0 0 0 0 0 0 0 0 0 0 0 0 0 0 0 0 0 0 0 0 0 0 0 0 0 0 0 0 0 0 0 0 0 0 0 0 0 0 0 77 68 79 32 101 120 116 114 97 32 100 97 116 97 32 108 111 99 107 0 0 0 0 0 0 0 0 0 0 0 0 0 0 0 0 0 0 0 0 0 0 0 0 0 0 0 0 0 0 0 0 0 0 0 0 0 0 0 0 0 0 0 0 0 0 0 0 0 0 0 0 0 0 0 0 0 0 0 0 0 0 0 0 0 0 0 0 0 0 0 0 0 0 0 0 0 0 0 0 0 0 0 0 0 0 0 0 0 0 0 0 0 0 0 0 0 0 0 0 0 0 0 0 0 0 0 0 0 0 0 0 0 0 0 0 0 6 1 0 0 233 134 3 0 1 0 0 0 0 0 0 0 0 0 0 0 2 0 0 0 0 0 6 0 2 0 0 0 56 0 0 0 255 255 255 255 7 0 7 0 0 0 0 0 data 7 0x70007 0x70dd 0x38 0x0 0xb0003 0x0 0x18 oops 0
ciMethodData java/awt/Container invalidate ()V 2 6495 orig 264 88 131 83 97 0 0 0 0 72 50 126 28 0 0 0 0 8 2 0 0 128 0 0 0 0 0 0 0 0 0 0 0 0 0 0 0 0 0 0 0 0 0 0 0 0 0 0 0 0 0 0 0 0 0 0 0 0 0 0 0 0 0 0 0 0 0 0 0 0 0 0 0 0 0 0 0 0 0 0 0 77 68 79 32 101 120 116 114 97 32 100 97 116 97 32 108 111 99 107 0 0 0 0 0 0 0 0 0 0 0 0 0 0 0 0 0 0 0 0 0 0 0 0 0 0 0 0 0 0 0 0 0 0 0 0 0 0 0 0 0 0 0 0 0 0 0 0 0 0 0 0 0 0 0 0 0 0 0 0 0 0 0 0 0 0 0 0 0 0 0 0 0 0 0 0 0 0 0 0 0 0 0 0 0 0 0 0 0 0 0 0 0 0 0 0 0 0 0 0 0 0 0 0 0 0 0 0 0 0 0 0 0 0 0 0 0 248 0 0 0 57 195 0 0 1 0 0 0 0 0 0 0 0 0 0 0 2 0 0 0 0 0 6 0 2 0 0 0 192 0 0 0 255 255 255 255 4 1 6 0 0 0 0 0 data 24 0x60104 0xfffffffffffffb7c 0x1e800e20 0x533 0x1e800ed0 0x32a 0x90007 0xafa 0x80 0xd6d 0xd0004 0x0 0x1e800e20 0x533 0x1e800ed0 0x32a 0x130005 0x510 0x1e800e20 0x533 0x1e800ed0 0x32a 0x190002 0x1867 oops 6 2 java/awt/BorderLayout 4 javax/swing/JRootPane$RootLayout 12 java/awt/BorderLayout 14 javax/swing/JRootPane$RootLayout 18 java/awt/BorderLayout 20 javax/swing/JRootPane$RootLayout
ciMethodData java/awt/Component invalidate ()V 2 6393 orig 264 88 131 83 97 0 0 0 0 40 93 127 28 0 0 0 0 176 2 0 0 0 1 0 0 0 0 0 0 0 0 0 0 0 0 0 0 0 0 0 0 0 0 0 0 0 0 0 0 0 0 0 0 0 0 0 0 0 0 0 0 0 0 0 0 0 0 0 0 0 0 0 0 0 0 0 0 0 0 0 0 77 68 79 32 101 120 116 114 97 32 100 97 116 97 32 108 111 99 107 0 0 0 0 0 0 0 0 0 0 0 0 0 0 0 0 0 0 0 0 0 0 0 0 0 0 0 0 0 0 0 0 0 0 0 0 0 0 0 0 0 0 0 0 0 0 0 0 0 0 0 0 0 0 0 0 0 0 0 0 0 0 0 0 0 0 0 0 0 0 0 0 0 0 0 0 0 0 0 0 0 0 0 0 0 0 0 0 0 0 0 0 0 0 0 0 0 0 0 0 0 0 0 0 0 0 0 0 0 0 0 0 0 0 0 0 0 248 0 0 0 9 192 0 0 1 0 0 0 0 0 0 0 0 0 0 0 2 0 0 0 0 0 17 0 2 0 0 0 104 1 0 0 255 255 255 255 5 0 1 0 0 0 0 0 data 45 0x10005 0xde1 0x209950d0 0x70a 0x20995180 0x316 0xd0005 0x100a 0x1e7fb750 0x4cd 0x20995230 0x32a 0x100007 0x0 0x20 0x1801 0x190005 0x100a 0x1e7fb750 0x4cd 0x20995230 0x32a 0x1c0007 0x0 0x20 0x1801 0x250005 0x100a 0x1e7fb750 0x4cd 0x20995230 0x32a 0x280007 0x0 0x20 0x1801 0x310005 0x100a 0x1e7fb750 0x4cd 0x20995230 0x32a 0x360003 0x1801 0x18 oops 10 2 javax/swing/JPanel 4 javax/swing/JLayeredPane 8 javax/swing/JFrame 10 javax/swing/JRootPane 18 javax/swing/JFrame 20 javax/swing/JRootPane 28 javax/swing/JFrame 30 javax/swing/JRootPane 38 javax/swing/JFrame 40 javax/swing/JRootPane
ciMethodData java/awt/Container invalidateParent ()V 2 5379 orig 264 88 131 83 97 0 0 0 0 152 49 126 28 0 0 0 0 200 1 0 0 80 0 0 0 0 0 0 0 0 0 0 0 0 0 0 0 0 0 0 0 0 0 0 0 0 0 0 0 0 0 0 0 0 0 0 0 0 0 0 0 0 0 0 0 0 0 0 0 0 0 0 0 0 0 0 0 0 0 0 0 77 68 79 32 101 120 116 114 97 32 100 97 116 97 32 108 111 99 107 0 0 0 0 0 0 0 0 0 0 0 0 0 0 0 0 0 0 0 0 0 0 0 0 0 0 0 0 0 0 0 0 0 0 0 0 0 0 0 0 0 0 0 0 0 0 0 0 0 0 0 0 0 0 0 0 0 0 0 0 0 0 0 0 0 0 0 0 0 0 0 0 0 0 0 0 0 0 0 0 0 0 0 0 0 0 0 0 0 0 0 0 0 0 0 0 0 0 0 0 0 0 0 0 0 0 0 0 0 0 0 0 0 0 0 0 0 3 1 0 0 1 160 0 0 1 0 0 0 0 0 0 0 0 0 0 0 2 0 0 0 0 0 18 0 2 0 0 0 128 0 0 0 255 255 255 255 7 0 3 0 0 0 0 0 data 16 0x30007 0x1400 0x70 0x0 0x70005 0x0 0x0 0x0 0x0 0x0 0xa0007 0x0 0x30 0x0 0xe0002 0x1400 oops 0
ciMethodData java/awt/Component invalidateParent ()V 2 5379 orig 264 88 131 83 97 0 0 0 0 200 93 127 28 0 0 0 0 152 1 0 0 0 0 0 0 0 0 0 0 0 0 0 0 0 0 0 0 0 0 0 0 0 0 0 0 0 0 0 0 0 0 0 0 0 0 0 0 0 0 0 0 0 0 0 0 0 0 0 0 0 0 0 0 0 0 0 0 0 0 0 0 77 68 79 32 101 120 116 114 97 32 100 97 116 97 32 108 111 99 107 0 0 0 0 0 0 0 0 0 0 0 0 0 0 0 0 0 0 0 0 0 0 0 0 0 0 0 0 0 0 0 0 0 0 0 0 0 0 0 0 0 0 0 0 0 0 0 0 0 0 0 0 0 0 0 0 0 0 0 0 0 0 0 0 0 0 0 0 0 0 0 0 0 0 0 0 0 0 0 0 0 0 0 0 0 17 0 0 0 0 0 0 0 0 0 0 0 0 0 0 0 1 0 0 0 0 0 0 0 0 0 0 0 0 0 0 0 3 1 0 0 1 160 0 0 1 0 0 0 0 0 0 0 0 0 0 0 2 0 0 0 0 0 19 0 2 0 0 0 80 0 0 0 255 255 255 255 7 0 4 0 0 0 0 0 data 10 0x40007 0x2b4 0x50 0x114c 0xb0005 0x8da 0x20995180 0x330 0x20995230 0x542 oops 2 6 javax/swing/JLayeredPane 8 javax/swing/JRootPane
ciMethodData java/awt/Container getListenersCount (IZ)I 2 5507 orig 264 88 131 83 97 0 0 0 0 248 43 126 28 0 0 0 0 248 1 0 0 48 0 0 0 0 0 0 0 0 0 0 0 0 0 0 0 0 0 0 0 0 0 0 0 0 0 0 0 0 0 0 0 0 0 0 0 0 0 0 0 0 0 0 0 0 0 0 0 0 0 0 0 0 0 0 0 0 0 0 0 77 68 79 32 101 120 116 114 97 32 100 97 116 97 32 108 111 99 107 0 0 0 0 0 0 0 0 0 0 0 0 0 0 0 0 0 0 0 0 0 0 0 0 0 0 0 0 0 0 0 0 0 0 0 0 0 0 0 0 0 0 0 0 0 0 0 0 0 0 0 0 0 0 0 0 0 0 0 0 0 0 0 0 0 0 0 0 0 0 0 0 0 0 0 0 0 0 0 0 0 0 0 0 0 0 0 0 0 0 0 0 0 0 0 0 0 0 0 0 0 0 0 0 0 0 0 0 0 0 0 0 0 0 0 0 0 130 1 0 0 9 160 0 0 1 0 0 0 0 0 0 0 0 0 0 0 2 0 0 0 0 0 12 0 2 0 0 0 160 0 0 0 255 255 255 255 5 0 1 0 0 0 0 0 data 20 0x10005 0xd42 0x20995180 0x2b3 0x209950d0 0x40c 0x50007 0x1401 0x20 0x0 0xe0008 0x8 0x0 0x50 0x1 0x50 0x0 0x50 0x0 0x50 oops 2 2 javax/swing/JLayeredPane 4 javax/swing/JPanel
ciMethodData java/awt/Component getCursor_NoClientCode ()Ljava/awt/Cursor; 2 2595 orig 264 88 131 83 97 0 0 0 0 168 101 127 28 0 0 0 0 200 1 0 0 64 0 0 0 0 0 0 0 0 0 0 0 0 0 0 0 0 0 0 0 0 0 0 0 0 0 0 0 0 0 0 0 0 0 0 0 0 0 0 0 0 0 0 0 0 0 0 0 0 0 0 0 0 0 0 0 0 0 0 0 77 68 79 32 101 120 116 114 97 32 100 97 116 97 32 108 111 99 107 0 0 0 0 0 0 0 0 0 0 0 0 0 0 0 0 0 0 0 0 0 0 0 0 0 0 0 0 0 0 0 0 0 0 0 0 0 0 0 0 0 0 0 0 0 0 0 0 0 0 0 0 0 0 0 0 0 0 0 0 0 0 0 0 0 0 0 0 0 0 0 0 0 0 0 0 0 0 0 0 0 0 0 0 0 0 0 0 0 0 0 0 0 0 0 0 0 0 0 0 0 0 0 0 0 0 0 0 0 0 0 0 0 0 0 0 0 4 1 0 0 249 72 0 0 1 0 0 0 0 0 0 0 0 0 0 0 2 0 0 0 0 0 12 0 2 0 0 0 128 0 0 0 255 255 255 255 7 0 6 0 0 0 0 0 data 16 0x60007 0x74c 0x20 0x1d3 0x110007 0x0 0x50 0x74c 0x150005 0x3a6 0x209950d0 0x1d3 0x20995180 0x1d3 0x1a0002 0x0 oops 2 10 javax/swing/JPanel 12 javax/swing/JLayeredPane
ciMethodData java/awt/Container validateTree ()V 2 5495 orig 264 88 131 83 97 0 0 0 0 128 53 126 28 0 0 0 0 88 6 0 0 208 4 0 0 0 0 0 0 0 0 0 0 0 0 0 0 0 0 0 0 0 0 0 0 0 0 0 0 0 0 0 0 0 0 0 0 0 0 0 0 0 0 0 0 0 0 0 0 0 0 0 0 0 0 0 0 0 0 0 0 77 68 79 32 101 120 116 114 97 32 100 97 116 97 32 108 111 99 107 0 0 0 0 0 0 0 0 0 0 0 0 0 0 0 0 0 0 0 0 0 0 0 0 0 0 0 0 0 0 0 0 0 0 0 0 0 0 0 0 0 0 0 0 0 0 0 0 0 0 0 0 0 0 0 0 0 0 0 0 0 0 0 0 0 0 0 0 0 0 0 0 0 0 0 0 0 0 0 0 0 0 0 0 0 0 0 0 0 0 0 0 0 0 0 0 0 0 0 0 0 0 0 0 0 0 0 0 0 0 0 0 0 0 0 0 0 2 1 0 0 169 163 0 0 97 145 0 0 0 0 0 0 0 0 0 0 2 0 0 0 1 0 59 0 2 0 0 0 16 5 0 0 255 255 255 255 5 0 1 0 0 0 0 0 data 162 0x10005 0xd5c 0x1e7fb750 0x3f8 0x20995230 0x321 0x50005 0xd5c 0x1e7fb750 0x3f8 0x20995230 0x321 0x80007 0x1475 0x40 0x0 0xe0007 0x0 0x480 0x0 0x150004 0x0 0x1e6e6550 0x3f8 0x22399250 0x107d 0x180007 0x0 0x80 0x1475 0x1f0004 0x0 0x1e6e6550 0x3f8 0x22399250 0x107d 0x220005 0x0 0x1e6e6550 0x3f8 0x22399250 0x107d 0x280005 0xd5c 0x1e7fb750 0x3f8 0x20995230 0x321 0x2b0007 0x0 0x50 0x1475 0x2f0005 0xd5c 0x1e7fb750 0x3f8 0x20995230 0x321 0x390005 0x0 0x22ca76d0 0x26a1 0x0 0x0 0x3e0007 0x1475 0x250 0x122c 0x460005 0x0 0x22ca76d0 0x122c 0x0 0x0 0x4b0004 0x0 0x20995230 0x3f8 0x209950d0 0x642 0x500004 0x0 0x20995230 0x3f8 0x209950d0 0x642 0x530007 0x0 0x158 0x122c 0x570004 0xffffffffffffedd4 0x0 0x0 0x0 0x0 0x5a0007 0x0 0x108 0x122c 0x5e0005 0x7f2 0x20995230 0x3f8 0x209950d0 0x642 0x610007 0x107d 0x40 0x1af 0x670007 0x1af 0x98 0x0 0x6b0004 0x0 0x20995230 0x321 0x209950d0 0x56a 0x6e0005 0x7f2 0x20995230 0x321 0x209950d0 0x56a 0x710003 0x107d 0x48 0x750005 0x0 0x209950d0 0xd8 0x20995230 0xd7 0x7b0003 0x122c 0xfffffffffffffd98 0x820004 0x0 0x22399250 0x107d 0x1e6e6550 0x3f8 0x850007 0x0 0x80 0x1475 0x8c0004 0x0 0x22399250 0x107d 0x1e6e6550 0x3f8 0x8f0005 0x0 0x22399250 0x107d 0x1e6e6550 0x3f8 0x950002 0x1475 oops 34 2 javax/swing/JFrame 4 javax/swing/JRootPane 8 javax/swing/JFrame 10 javax/swing/JRootPane 22 sun/awt/windows/WFramePeer 24 sun/awt/NullComponentPeer 32 sun/awt/windows/WFramePeer 34 sun/awt/NullComponentPeer 38 sun/awt/windows/WFramePeer 40 sun/awt/NullComponentPeer 44 javax/swing/JFrame 46 javax/swing/JRootPane 54 javax/swing/JFrame 56 javax/swing/JRootPane 60 java/util/ArrayList 70 java/util/ArrayList 76 javax/swing/JRootPane 78 javax/swing/JPanel 82 javax/swing/JRootPane 84 javax/swing/JPanel 102 javax/swing/JRootPane 104 javax/swing/JPanel 116 javax/swing/JRootPane 118 javax/swing/JPanel 122 javax/swing/JRootPane 124 javax/swing/JPanel 131 javax/swing/JPanel 133 javax/swing/JRootPane 140 sun/awt/NullComponentPeer 142 sun/awt/windows/WFramePeer 150 sun/awt/NullComponentPeer 152 sun/awt/windows/WFramePeer 156 sun/awt/NullComponentPeer 158 sun/awt/windows/WFramePeer
ciMethodData java/awt/Component updateCursorImmediately ()V 2 2213 orig 264 88 131 83 97 0 0 0 0 88 100 127 28 0 0 0 0 208 2 0 0 32 1 0 0 0 0 0 0 0 0 0 0 0 0 0 0 0 0 0 0 0 0 0 0 0 0 0 0 0 0 0 0 0 0 0 0 0 0 0 0 0 0 0 0 0 0 0 0 0 0 0 0 0 0 0 0 0 0 0 0 77 68 79 32 101 120 116 114 97 32 100 97 116 97 32 108 111 99 107 0 0 0 0 0 0 0 0 0 0 0 0 0 0 0 0 0 0 0 0 0 0 0 0 0 0 0 0 0 0 0 0 0 0 0 0 0 0 0 0 0 0 0 0 0 0 0 0 0 0 0 0 0 0 0 0 0 0 0 0 0 0 0 0 0 0 0 0 0 0 0 0 0 0 0 0 0 0 0 0 0 0 0 0 0 17 0 0 0 0 0 0 0 0 0 0 0 0 0 0 0 0 0 0 0 0 0 0 0 0 0 0 0 0 0 0 0 59 0 0 0 81 67 0 0 1 0 0 0 0 0 0 0 0 0 0 0 2 0 0 0 1 0 20 0 2 0 0 0 136 1 0 0 255 255 255 255 4 0 4 0 0 0 0 0 data 49 0x40004 0xfffffffffffff796 0x1e6e6550 0x102 0x0 0x0 0x70007 0x86a 0x108 0x0 0xb0005 0x0 0x0 0x0 0x0 0x0 0x100007 0x0 0x20 0x0 0x150005 0x0 0x0 0x0 0x0 0x0 0x1a0007 0x0 0x50 0x0 0x1e0005 0x0 0x0 0x0 0x0 0x0 0x230003 0x0 0x68 0x2a0007 0x0 0x50 0x86a 0x310005 0x0 0x1e6e6550 0x86a 0x0 0x0 oops 2 2 sun/awt/windows/WFramePeer 45 sun/awt/windows/WFramePeer
ciMethodData java/awt/Container createChildHierarchyEvents (IJZ)V 2 4808 orig 264 88 131 83 97 0 0 0 0 200 45 126 28 0 0 0 0 192 2 0 0 128 0 0 0 0 0 0 0 0 0 0 0 0 0 0 0 0 0 0 0 0 0 0 0 0 0 0 0 0 0 0 0 0 0 0 0 0 0 0 0 0 0 0 0 0 0 0 0 0 0 0 0 0 0 0 0 0 0 0 0 77 68 79 32 101 120 116 114 97 32 100 97 116 97 32 108 111 99 107 0 0 0 0 0 0 0 0 0 0 0 0 0 0 0 0 0 0 0 0 0 0 0 0 0 0 0 0 0 0 0 0 0 0 0 0 0 0 0 0 0 0 0 0 0 0 0 0 0 0 0 0 0 0 0 0 0 0 0 0 0 0 0 0 0 0 0 0 0 0 0 0 0 0 0 0 0 0 0 0 0 0 0 0 0 0 0 0 0 0 0 0 0 0 0 0 0 0 0 0 0 0 0 0 0 0 0 0 0 0 0 0 0 0 0 0 0 2 1 0 0 49 142 0 0 1 0 0 0 0 0 0 0 0 0 0 0 2 0 0 0 1 0 11 0 2 0 0 0 88 1 0 0 255 255 255 255 5 0 1 0 0 0 0 0 data 43 0x10005 0x3ea 0x1e7fb750 0x9f2 0x20995230 0x3ea 0x80005 0x0 0x22ca76d0 0x11c6 0x0 0x0 0xd0007 0x11c6 0x20 0x0 0x150002 0x11c6 0x230007 0x11c6 0xc8 0x0 0x2e0005 0x0 0x0 0x0 0x0 0x0 0x330004 0x0 0x0 0x0 0x0 0x0 0x3f0005 0x0 0x0 0x0 0x0 0x0 0x480003 0x0 0xffffffffffffff50 oops 3 2 javax/swing/JFrame 4 javax/swing/JRootPane 8 java/util/ArrayList
ciMethodData java/awt/Point <init> (II)V 1 1042 orig 264 88 131 83 97 0 0 0 0 232 55 179 28 0 0 0 0 64 1 0 0 0 0 0 0 0 0 0 0 0 0 0 0 0 0 0 0 0 0 0 0 0 0 0 0 0 0 0 0 0 0 0 0 0 0 0 0 0 0 0 0 0 0 0 0 0 0 0 0 0 0 0 0 0 0 0 0 0 0 0 0 77 68 79 32 101 120 116 114 97 32 100 97 116 97 32 108 111 99 107 0 0 0 0 0 0 0 0 0 0 0 0 0 0 0 0 0 0 0 0 0 0 0 0 0 0 0 0 0 0 0 0 0 0 0 0 0 0 0 0 0 0 0 0 0 0 0 0 0 0 0 0 0 0 0 0 0 0 0 0 0 0 0 0 0 0 0 0 0 0 0 0 0 0 0 0 0 0 0 0 0 0 0 0 0 0 0 0 0 0 0 0 0 0 0 0 0 0 0 0 0 0 0 0 0 0 0 0 0 0 0 0 0 0 0 0 0 140 0 0 0 49 28 0 0 1 0 0 0 0 0 0 0 0 0 0 0 2 0 0 0 0 0 0 0 0 0 0 0 16 0 0 0 255 255 255 255 2 0 1 0 0 0 0 0 data 2 0x10002 0x386 oops 0
ciMethodData java/awt/geom/Point2D <init> ()V 1 1066 orig 264 88 131 83 97 0 0 0 0 160 66 179 28 0 0 0 0 48 1 0 0 0 0 0 0 0 0 0 0 0 0 0 0 0 0 0 0 0 0 0 0 0 0 0 0 0 0 0 0 0 0 0 0 0 0 0 0 0 0 0 0 0 0 0 0 0 0 0 0 0 0 0 0 0 0 0 0 0 0 0 0 77 68 79 32 101 120 116 114 97 32 100 97 116 97 32 108 111 99 107 0 0 0 0 0 0 0 0 0 0 0 0 0 0 0 0 0 0 0 0 0 0 0 0 0 0 0 0 0 0 0 0 0 0 0 0 0 0 0 0 0 0 0 0 0 0 0 0 0 0 0 0 0 0 0 0 0 0 0 0 0 0 0 0 0 0 0 0 0 0 0 0 0 0 0 0 0 0 0 0 0 0 0 0 0 0 0 0 0 0 0 0 0 0 0 0 0 0 0 0 0 0 0 0 0 0 0 0 0 0 0 0 0 0 0 0 0 164 0 0 0 49 28 0 0 1 0 0 0 0 0 0 0 0 0 0 0 2 0 0 0 0 0 0 0 0 0 0 0 16 0 0 0 255 255 255 255 2 0 1 0 0 0 0 0 data 2 0x10002 0x386 oops 0
ciMethodData java/util/ArrayList isEmpty ()Z 2 4811 orig 264 88 131 83 97 0 0 0 0 200 0 103 28 0 0 0 0 88 1 0 0 0 0 0 0 0 0 0 0 0 0 0 0 0 0 0 0 0 0 0 0 0 0 0 0 0 0 0 0 0 0 0 0 0 0 0 0 0 0 0 0 0 0 0 0 0 0 0 0 0 0 0 0 0 0 0 0 0 0 0 0 77 68 79 32 101 120 116 114 97 32 100 97 116 97 32 108 111 99 107 0 0 0 0 0 0 0 0 0 0 0 0 0 0 0 0 0 0 0 0 0 0 0 0 0 0 0 0 0 0 0 0 0 0 0 0 0 0 0 0 0 0 0 0 0 0 0 0 0 0 0 0 0 0 0 0 0 0 0 0 0 0 0 0 0 0 0 0 0 0 0 0 0 0 0 0 0 0 0 0 0 0 0 0 0 0 0 0 0 0 0 0 0 0 0 0 0 0 0 0 0 0 0 0 0 0 0 0 0 0 0 0 0 0 0 0 0 129 1 0 0 81 138 0 0 1 0 0 0 0 0 0 0 0 0 0 0 2 0 0 0 0 0 6 0 2 0 0 0 56 0 0 0 255 255 255 255 7 0 4 0 0 0 0 0 data 7 0x40007 0x114a 0x38 0x0 0x80003 0x0 0x18 oops 0
ciMethodData sun/awt/windows/WGlobalCursorManager getCursorManager ()Lsun/awt/GlobalCursorManager; 2 2423 orig 264 88 131 83 97 0 0 0 0 80 220 200 28 0 0 0 0 72 1 0 0 0 0 0 0 0 0 0 0 0 0 0 0 0 0 0 0 0 0 0 0 0 0 0 0 0 0 0 0 0 0 0 0 0 0 0 0 0 0 0 0 0 0 0 0 0 0 0 0 0 0 0 0 0 0 0 0 0 0 0 0 77 68 79 32 101 120 116 114 97 32 100 97 116 97 32 108 111 99 107 0 0 0 0 0 0 0 0 0 0 0 0 0 0 0 0 0 0 0 0 0 0 0 0 0 0 0 0 0 0 0 0 0 0 0 0 0 0 0 0 0 0 0 0 0 0 0 0 0 0 0 0 0 0 0 0 0 0 0 0 0 0 0 0 0 0 0 0 0 0 0 0 0 0 0 0 0 0 0 0 0 0 0 0 0 0 0 0 0 0 0 0 0 0 0 0 0 0 0 0 0 0 0 0 0 0 0 0 0 0 0 0 0 0 0 0 0 0 1 0 0 185 67 0 0 1 0 0 0 0 0 0 0 0 0 0 0 2 0 0 0 0 0 6 0 2 0 0 0 48 0 0 0 255 255 255 255 7 0 3 0 0 0 0 0 data 6 0x30007 0x877 0x30 0x0 0xa0002 0x0 oops 0
ciMethodData java/awt/Window dispatchEventImpl (Ljava/awt/AWTEvent;)V 2 5378 orig 264 88 131 83 97 0 0 0 0 16 56 178 28 0 0 0 0 16 2 0 0 128 0 0 0 0 0 0 0 0 0 0 0 0 0 0 0 0 0 0 0 0 0 0 0 0 0 0 0 0 0 0 0 0 0 0 0 0 0 0 0 0 0 0 0 0 0 0 0 0 0 0 0 0 0 0 0 0 0 0 0 77 68 79 32 101 120 116 114 97 32 100 97 116 97 32 108 111 99 107 0 0 0 0 0 0 0 0 0 0 0 0 0 0 0 0 0 0 0 0 0 0 0 0 0 0 0 0 0 0 0 0 0 0 0 0 0 0 0 0 0 0 0 0 0 0 0 0 0 0 0 0 0 0 0 0 0 0 0 0 0 0 0 0 0 0 0 0 0 0 0 0 0 0 0 0 0 0 0 0 0 0 0 0 0 0 0 0 0 0 0 0 0 0 0 0 0 0 0 0 0 0 0 0 0 0 0 0 0 0 0 0 0 0 0 0 0 1 1 0 0 9 160 0 0 1 0 0 0 0 0 0 0 0 0 0 0 2 0 0 0 0 0 10 0 2 0 0 0 192 0 0 0 255 255 255 255 5 0 1 0 0 0 0 0 data 24 0x10005 0x692 0x1e7fb5f0 0x777 0x1e7fb6a0 0x5f8 0x60007 0x1105 0x80 0x2fc 0xa0005 0x0 0x1e7fb750 0x2fc 0x0 0x0 0xe0005 0x0 0x1e7fb750 0x2fc 0x0 0x0 0x130002 0x1401 oops 4 2 java/awt/event/WindowEvent 4 sun/awt/TimedWindowEvent 12 javax/swing/JFrame 18 javax/swing/JFrame
ciMethodData java/awt/Container validate ()V 2 3953 orig 264 88 131 83 97 0 0 0 0 96 51 126 28 0 0 0 0 16 4 0 0 96 2 0 0 0 0 0 0 0 0 0 0 0 0 0 0 0 0 0 0 0 0 0 0 0 0 0 0 0 0 0 0 0 0 0 0 0 0 0 0 0 0 0 0 0 0 0 0 0 0 0 0 0 0 0 0 0 0 0 0 77 68 79 32 101 120 116 114 97 32 100 97 116 97 32 108 111 99 107 0 0 0 0 0 0 0 0 0 0 0 0 0 0 0 0 0 0 0 0 0 0 0 0 0 0 0 0 0 0 0 0 0 0 0 0 0 0 0 0 0 0 0 0 0 0 0 0 0 0 0 0 0 0 0 0 0 0 0 0 0 0 0 0 0 0 0 0 0 0 0 0 0 0 0 0 0 0 0 0 0 0 0 0 0 0 0 0 0 0 0 0 0 0 0 0 0 0 0 0 0 0 0 0 0 0 0 0 0 0 0 0 0 0 0 0 0 184 0 0 0 201 117 0 0 1 0 0 0 0 0 0 0 0 0 0 0 2 0 0 0 0 0 36 0 2 0 0 0 200 2 0 0 255 255 255 255 5 0 3 0 0 0 0 0 data 89 0x30005 0x148 0x209950d0 0x5a7 0x1e7fb750 0x7ca 0xa0005 0x5de 0x1e7fb750 0x80b 0x20995230 0xd0 0xd0007 0xd19 0x40 0x1a0 0x130007 0x1a0 0x1e0 0x0 0x1a0007 0x50e 0x1c0 0x80b 0x230004 0x0 0x1e6e6550 0x80b 0x0 0x0 0x260007 0x0 0x50 0x80b 0x2d0004 0x0 0x1e6e6550 0x80b 0x0 0x0 0x320007 0x0 0x50 0x80b 0x360005 0x0 0x1e6e6550 0x80b 0x0 0x0 0x3c0005 0x0 0x1e7fb750 0x80b 0x0 0x0 0x400007 0x0 0xa0 0x80b 0x440005 0x0 0x1e6e6550 0x80b 0x0 0x0 0x4c0007 0x50d 0x50 0x2fe 0x500005 0x0 0x1e7fb750 0x2fe 0x0 0x0 0x560003 0xeb9 0x18 0x610007 0xbbb 0x50 0x2fe 0x650005 0x12 0x1e7fb750 0x2ec 0x0 0x0 oops 11 2 javax/swing/JPanel 4 javax/swing/JFrame 8 javax/swing/JFrame 10 javax/swing/JRootPane 26 sun/awt/windows/WFramePeer 36 sun/awt/windows/WFramePeer 46 sun/awt/windows/WFramePeer 52 javax/swing/JFrame 62 sun/awt/windows/WFramePeer 72 javax/swing/JFrame 85 javax/swing/JFrame
ciMethodData java/awt/Container dispatchEventImpl (Ljava/awt/AWTEvent;)V 2 5383 orig 264 88 131 83 97 0 0 0 0 224 74 126 28 0 0 0 0 184 3 0 0 56 2 0 0 0 0 0 0 0 0 0 0 0 0 0 0 0 0 0 0 0 0 0 0 0 0 0 0 0 0 0 0 0 0 0 0 0 0 0 0 0 0 0 0 0 0 0 0 0 0 0 0 0 0 0 0 0 0 0 0 77 68 79 32 101 120 116 114 97 32 100 97 116 97 32 108 111 99 107 0 0 0 0 0 0 0 0 0 0 0 0 0 0 0 0 0 0 0 0 0 0 0 0 0 0 0 0 0 0 0 0 0 0 0 0 0 0 0 0 0 0 0 0 0 0 0 0 0 0 0 0 0 0 0 0 0 0 0 0 0 0 0 0 0 0 0 0 0 0 0 0 0 0 0 0 0 0 0 0 0 0 0 0 0 0 0 0 0 0 0 0 0 0 0 0 0 0 0 0 0 0 0 0 0 0 0 0 0 0 0 0 0 0 0 0 0 2 1 0 0 41 160 0 0 1 0 0 0 0 0 0 0 0 0 0 0 2 0 0 0 0 0 28 0 2 0 0 0 104 2 0 0 255 255 255 255 7 0 4 0 0 0 0 0 data 77 0x40007 0x39 0xf0 0x13cc 0xc0005 0x0 0x209aaf10 0x13cc 0x0 0x0 0xf0007 0x1392 0xa0 0x3a 0x130005 0x0 0x1e905d30 0x3a 0x0 0x0 0x1a0007 0x0 0x50 0x3a 0x220005 0x0 0x1e6e6550 0x3a 0x0 0x0 0x2a0002 0x13cb 0x2e0005 0x1 0x1e7fb750 0x1391 0x1e7a3160 0x39 0x350005 0x7fb 0x1e7fb6a0 0x5e8 0x1e905de0 0x5e8 0x380008 0x6 0x1 0xf0 0x0 0x98 0x0 0x40 0x5c0002 0x2f4 0x5f0005 0x0 0x1e7fb750 0x2f4 0x0 0x0 0x620003 0x2f4 0x70 0x6d0002 0x2f4 0x700005 0x0 0x1e7fb750 0x2f4 0x0 0x0 0x730003 0x2f4 0x18 0x780003 0x13cb 0x18 oops 9 6 java/awt/LightweightDispatcher 16 java/awt/event/MouseEvent 26 sun/awt/windows/WFramePeer 34 javax/swing/JFrame 36 javax/swing/JButton 40 sun/awt/TimedWindowEvent 42 java/awt/event/ComponentEvent 56 javax/swing/JFrame 67 javax/swing/JFrame
ciMethodData java/awt/LightweightDispatcher dispatchEvent (Ljava/awt/AWTEvent;)Z 2 5326 orig 264 88 131 83 97 0 0 0 0 184 3 151 28 0 0 0 0 40 3 0 0 72 1 0 0 0 0 0 0 0 0 0 0 0 0 0 0 0 0 0 0 0 0 0 0 0 0 0 0 0 0 0 0 0 0 0 0 0 0 0 0 0 0 0 0 0 0 0 0 0 0 0 0 0 0 0 0 0 0 0 0 77 68 79 32 101 120 116 114 97 32 100 97 116 97 32 108 111 99 107 0 0 0 0 0 0 0 0 0 0 0 0 0 0 0 0 0 0 0 0 0 0 0 0 0 0 0 0 0 0 0 0 0 0 0 0 0 0 0 0 0 0 0 0 0 0 0 0 0 0 0 0 0 0 0 0 0 0 0 0 0 0 0 0 0 0 0 0 0 0 0 0 0 0 0 0 0 0 0 0 0 0 0 0 0 0 0 0 0 0 0 0 0 0 0 0 0 0 0 0 0 0 0 0 0 0 0 0 0 0 0 0 0 0 0 0 0 3 1 0 0 89 158 0 0 1 0 0 0 0 0 0 0 0 0 0 0 2 0 0 0 0 0 13 0 2 0 0 0 216 1 0 0 255 255 255 255 4 0 3 0 0 0 0 0 data 59 0x30004 0xffffffffffffec35 0x1e905de0 0x21 0x1e905d30 0x18 0x60007 0x13cb 0x78 0x0 0xa0004 0x0 0x0 0x0 0x0 0x0 0x100002 0x0 0x140003 0x0 0x148 0x180004 0xffffffffffffecc9 0x1e905de0 0x21 0x1e905d30 0x94 0x1b0007 0x1337 0x80 0x94 0x280007 0x0 0x60 0x94 0x2c0004 0x0 0x1e905d30 0x94 0x0 0x0 0x320002 0x94 0x370005 0xd4f 0x1e905de0 0x5e8 0x1e905d30 0x94 0x3d0007 0x139a 0x50 0x31 0x440005 0x8 0x1e7fb750 0x29 0x0 0x0 oops 8 2 java/awt/event/ComponentEvent 4 java/awt/event/MouseEvent 23 java/awt/event/ComponentEvent 25 java/awt/event/MouseEvent 37 java/awt/event/MouseEvent 45 java/awt/event/ComponentEvent 47 java/awt/event/MouseEvent 55 javax/swing/JFrame
ciMethodData java/awt/Component dispatchEventImpl (Ljava/awt/AWTEvent;)V 2 5391 orig 264 88 131 83 97 0 0 0 0 144 133 127 28 0 0 0 0 232 28 0 0 24 27 0 0 0 0 0 0 0 0 0 0 0 0 0 0 0 0 0 0 0 0 0 0 0 0 0 0 0 0 0 0 0 0 0 0 0 0 0 0 0 0 0 0 0 0 0 0 0 0 0 0 0 0 0 0 0 0 0 0 77 68 79 32 101 120 116 114 97 32 100 97 116 97 32 108 111 99 107 0 0 0 0 0 0 0 0 0 0 0 0 0 0 0 0 0 0 0 0 0 0 0 0 0 0 0 0 0 0 0 0 0 0 0 0 0 0 0 0 0 0 0 0 0 0 0 0 0 0 0 0 0 0 0 0 0 0 0 0 0 0 0 0 0 0 0 0 0 0 0 0 0 0 0 0 0 0 0 0 0 0 0 0 0 0 0 0 0 0 0 0 0 0 0 0 0 0 0 0 0 0 0 0 0 0 0 0 0 0 0 0 0 0 0 0 0 3 1 0 0 97 160 0 0 1 0 0 0 0 0 0 0 0 0 0 0 2 0 0 0 1 0 212 0 2 0 0 0 152 27 0 0 255 255 255 255 5 0 1 0 0 0 0 0 data 883 0x10005 0xd7d 0x1e905de0 0x5fc 0x1e905d30 0x93 0xb0007 0x0 0x1d0 0x140c 0xf0002 0x140c 0x120005 0x0 0x22b54300 0x140c 0x0 0x0 0x150007 0x140c 0x170 0x0 0x1e0005 0x0 0x0 0x0 0x0 0x0 0x210007 0x0 0x120 0x0 0x2b0002 0x0 0x310005 0x0 0x0 0x0 0x0 0x0 0x350005 0x0 0x0 0x0 0x0 0x0 0x3b0005 0x0 0x0 0x0 0x0 0x0 0x3e0005 0x0 0x0 0x0 0x0 0x0 0x410005 0x0 0x0 0x0 0x0 0x0 0x4a0005 0x0 0x1e913960 0x140c 0x0 0x0 0x4d0007 0x140c 0x80 0x0 0x5d0004 0x0 0x0 0x0 0x0 0x0 0x5e0005 0x0 0x0 0x0 0x0 0x0 0x620004 0xffffffffffffebfa 0x1e905de0 0x21 0x1e905d30 0x18 0x650007 0x6 0x30 0x1406 0x690002 0x1406 0x6d0004 0xffffffffffffebf4 0x1e905de0 0x21 0x1e905d30 0x18 0x700007 0x140c 0x80 0x0 0x740004 0x0 0x0 0x0 0x0 0x0 0x770005 0x0 0x0 0x0 0x0 0x0 0x7f0007 0x5fc 0xb0 0xe10 0x860007 0x39 0x30 0xdd7 0x8a0002 0xdd7 0x930002 0xe10 0x970005 0x0 0x222ba470 0xe10 0x0 0x0 0x9a0007 0x80e 0x20 0x601 0x9f0004 0xfffffffffffff1f6 0x1e905de0 0x21 0x1e905d30 0x18 0xa20007 0xe0a 0x140 0x0 0xab0005 0x0 0x0 0x0 0x0 0x0 0xae0007 0x0 0xf0 0x0 0xb80002 0x0 0xbe0005 0x0 0x0 0x0 0x0 0x0 0xc20005 0x0 0x0 0x0 0x0 0x0 0xc50005 0x0 0x0 0x0 0x0 0x0 0xc80005 0x0 0x0 0x0 0x0 0x0 0xcf0007 0xe0a 0x160 0x0 0xd40005 0x0 0x0 0x0 0x0 0x0 0xd70007 0x0 0x110 0x0 0xde0007 0x0 0xf0 0x0 0xe50005 0x0 0x0 0x0 0x0 0x0 0xea0007 0x0 0xa0 0x0 0xef0004 0x0 0x0 0x0 0x0 0x0 0xf20005 0x0 0x0 0x0 0x0 0x0 0xf50007 0x0 0x20 0x0 0xf90002 0xe0a 0x1010005 0x0 0x222ba520 0xe0a 0x0 0x0 0x1050005 0x77b 0x1e905de0 0x5fc 0x1e905d30 0x93 0x1080007 0x0 0x130 0xe0a 0x10c0004 0xfffffffffffff1f6 0x1e905de0 0x21 0x1e905d30 0x18 0x10f0007 0xe0a 0xe0 0x0 0x1120002 0x0 0x1170004 0x0 0x0 0x0 0x0 0x0 0x11a0005 0x0 0x0 0x0 0x0 0x0 0x11e0005 0x0 0x0 0x0 0x0 0x0 0x1210007 0x0 0x20 0x0 0x1260005 0x0 0x1e7fb750 0xdd1 0x1e7a3160 0x39 0x1290007 0x0 0x3b8 0xe0a 0x12d0004 0xfffffffffffff1f6 0x1e905de0 0x21 0x1e905d30 0x18 0x1300007 0xe0a 0x70 0x0 0x1340004 0x0 0x0 0x0 0x0 0x0 0x1370007 0x0 0xc0 0x0 0x13b0004 0xfffffffffffff289 0x1e905de0 0x21 0x1e905d30 0x93 0x13e0007 0x93 0x70 0xd77 0x1420004 0xfffffffffffff289 0x1e905de0 0x21 0x1e7fb5f0 0x18 0x1450007 0xd77 0x398 0x0 0x1490005 0x0 0x1e7fb750 0x5a 0x1e7a3160 0x39 0x1500007 0x0 0x210 0x93 0x1560005 0x0 0x222ba5d0 0x93 0x0 0x0 0x15a0005 0x0 0x1e905d30 0x93 0x0 0x0 0x15d0007 0x93 0x190 0x0 0x1610004 0x0 0x0 0x0 0x0 0x0 0x1640007 0x0 0x140 0x0 0x16d0005 0x0 0x0 0x0 0x0 0x0 0x1700007 0x0 0xf0 0x0 0x17a0002 0x0 0x1800005 0x0 0x0 0x0 0x0 0x0 0x1840005 0x0 0x0 0x0 0x0 0x0 0x1870005 0x0 0x0 0x0 0x0 0x0 0x18a0005 0x0 0x0 0x0 0x0 0x0 0x18e0003 0x93 0x138 0x1950007 0x0 0x120 0x0 0x1990005 0x0 0x0 0x0 0x0 0x0 0x1a00007 0x0 0xd0 0x0 0x1a50004 0x0 0x0 0x0 0x0 0x0 0x1a80007 0x0 0x80 0x0 0x1ad0004 0x0 0x0 0x0 0x0 0x0 0x1b00005 0x0 0x0 0x0 0x0 0x0 0x1b40008 0x8 0x61 0x398 0x0 0x268 0x0 0x50 0x0 0x50 0x1d90004 0x0 0x0 0x0 0x0 0x0 0x1dc0007 0x0 0x38 0x0 0x1e00003 0x0 0x18 0x1e70004 0x0 0x0 0x0 0x0 0x0 0x1ea0004 0x0 0x0 0x0 0x0 0x0 0x1f10007 0x0 0x280 0x0 0x1f70004 0x0 0x0 0x0 0x0 0x0 0x1fa0005 0x0 0x0 0x0 0x0 0x0 0x1fe0005 0x0 0x0 0x0 0x0 0x0 0x2010007 0x0 0x1d0 0x0 0x20a0005 0x0 0x0 0x0 0x0 0x0 0x20d0007 0x0 0x50 0x0 0x2160005 0x0 0x0 0x0 0x0 0x0 0x21c0004 0x0 0x0 0x0 0x0 0x0 0x21f0007 0x0 0x100 0x0 0x2250004 0x0 0x0 0x0 0x0 0x0 0x2290004 0x0 0x0 0x0 0x0 0x0 0x22c0005 0x0 0x0 0x0 0x0 0x0 0x2350005 0x0 0x0 0x0 0x0 0x0 0x2380007 0x0 0x20 0x0 0x2400007 0x0 0xb8 0xe0a 0x2450005 0x0 0x1e7fb750 0xdd1 0x1e7a3160 0x39 0x2480007 0x954 0x448 0x4b6 0x24d0005 0x0 0x1e7fb750 0x47d 0x1e7a3160 0x39 0x2500003 0x4b6 0x3f8 0x2570007 0x0 0x98 0x0 0x25c0004 0x0 0x0 0x0 0x0 0x0 0x25f0005 0x0 0x0 0x0 0x0 0x0 0x2620003 0x0 0x360 0x2660004 0x0 0x0 0x0 0x0 0x0 0x2690007 0x0 0x70 0x0 0x26d0005 0x0 0x0 0x0 0x0 0x0 0x2700007 0x0 0x2c8 0x0 0x2740005 0x0 0x0 0x0 0x0 0x0 0x27b0007 0x0 0x278 0x0 0x28f0005 0x0 0x0 0x0 0x0 0x0 0x2950005 0x0 0x0 0x0 0x0 0x0 0x2980007 0x0 0x50 0x0 0x29c0005 0x0 0x0 0x0 0x0 0x0 0x2a40008 0xa 0x0 0x1a8 0x0 0x60 0x0 0x60 0x0 0x60 0x0 0x60 0x2cb0007 0x0 0xb0 0x0 0x2cf0004 0x0 0x0 0x0 0x0 0x0 0x2d40005 0x0 0x0 0x0 0x0 0x0 0x2d70005 0x0 0x0 0x0 0x0 0x0 0x2e10007 0x0 0x98 0x0 0x2e50004 0x0 0x0 0x0 0x0 0x0 0x2ed0005 0x0 0x0 0x0 0x0 0x0 0x2f00003 0x0 0x18 0x2f70007 0xe0a 0x1a0 0x0 0x2fb0005 0x0 0x0 0x0 0x0 0x0 0x2fe0007 0x0 0x150 0x0 0x3030004 0x0 0x0 0x0 0x0 0x0 0x3060007 0x0 0x100 0x0 0x30c0004 0x0 0x0 0x0 0x0 0x0 0x3100004 0x0 0x0 0x0 0x0 0x0 0x3130005 0x0 0x0 0x0 0x0 0x0 0x31c0005 0x0 0x0 0x0 0x0 0x0 0x31f0007 0x0 0x20 0x0 0x3240004 0xfffffffffffff1f6 0x1e905de0 0x21 0x1e905d30 0x18 0x3270007 0x0 0x230 0xe0a 0x3310004 0xfffffffffffff1f6 0x1e905de0 0x21 0x1e905d30 0x18 0x3340007 0xe0a 0x190 0x0 0x3390007 0x0 0x70 0x0 0x33e0004 0x0 0x0 0x0 0x0 0x0 0x3410007 0x0 0x120 0x0 0x3450005 0x0 0x0 0x0 0x0 0x0 0x3480004 0x0 0x0 0x0 0x0 0x0 0x34f0007 0x0 0xa0 0x0 0x3540005 0x0 0x0 0x0 0x0 0x0 0x35b0007 0x0 0x50 0x0 0x3600005 0x0 0x0 0x0 0x0 0x0 0x3670007 0x0 0x50 0xe0a 0x36d0005 0x0 0x1e6e6550 0xdd1 0x22399250 0x39 0x3720002 0xe0a 0x3750007 0x0 0x170 0xe0a 0x37a0004 0x0 0x222ba520 0xe0a 0x0 0x0 0x37d0007 0x0 0x120 0xe0a 0x3810004 0xfffffffffffff289 0x1e905de0 0x21 0x1e905d30 0x93 0x3840007 0x93 0x70 0xd77 0x3880004 0xfffffffffffff289 0x1e905de0 0x21 0x1e7fb5f0 0x18 0x38b0007 0xd77 0x80 0x0 0x3900004 0x0 0x222ba520 0x93 0x0 0x0 0x3950005 0x0 0x222ba520 0x93 0x0 0x0 oops 45 2 java/awt/event/ComponentEvent 4 java/awt/event/MouseEvent 14 sun/awt/AppContext 66 sun/util/logging/PlatformLogger 88 java/awt/event/ComponentEvent 90 java/awt/event/MouseEvent 100 java/awt/event/ComponentEvent 102 java/awt/event/MouseEvent 134 java/awt/DefaultKeyboardFocusManager 144 java/awt/event/ComponentEvent 146 java/awt/event/MouseEvent 236 sun/awt/windows/WToolkit 242 java/awt/event/ComponentEvent 244 java/awt/event/MouseEvent 252 java/awt/event/ComponentEvent 254 java/awt/event/MouseEvent 286 javax/swing/JFrame 288 javax/swing/JButton 296 java/awt/event/ComponentEvent 298 java/awt/event/MouseEvent 316 java/awt/event/ComponentEvent 318 java/awt/event/MouseEvent 326 java/awt/event/ComponentEvent 328 java/awt/event/WindowEvent 336 javax/swing/JFrame 338 javax/swing/JButton 346 sun/awt/im/InputMethodContext 352 java/awt/event/MouseEvent 566 javax/swing/JFrame 568 javax/swing/JButton 576 javax/swing/JFrame 578 javax/swing/JButton 761 java/awt/event/ComponentEvent 763 java/awt/event/MouseEvent 771 java/awt/event/ComponentEvent 773 java/awt/event/MouseEvent 831 sun/awt/windows/WFramePeer 833 sun/awt/NullComponentPeer 843 sun/awt/windows/WToolkit 853 java/awt/event/ComponentEvent 855 java/awt/event/MouseEvent 863 java/awt/event/ComponentEvent 865 java/awt/event/WindowEvent 873 sun/awt/windows/WToolkit 879 sun/awt/windows/WToolkit
ciMethodData java/awt/LightweightDispatcher processMouseEvent (Ljava/awt/event/MouseEvent;)Z 1 189 orig 264 88 131 83 97 0 0 0 0 80 6 151 28 0 0 0 0 88 8 0 0 168 6 0 0 0 0 0 0 0 0 0 0 0 0 0 0 0 0 0 0 0 0 0 0 0 0 0 0 0 0 0 0 0 0 0 0 0 0 0 0 0 0 0 0 0 0 0 0 0 0 0 0 0 0 0 0 0 0 0 0 77 68 79 32 101 120 116 114 97 32 100 97 116 97 32 108 111 99 107 0 0 0 0 0 0 0 0 0 0 0 0 0 0 0 0 0 0 0 0 0 0 0 0 0 0 0 0 0 0 0 0 0 0 0 0 0 0 0 0 0 0 0 0 0 0 0 0 0 0 0 0 0 0 0 0 0 0 0 0 0 0 0 0 0 0 0 0 0 0 0 0 0 0 0 0 0 0 0 0 0 0 0 0 0 0 0 0 0 0 0 0 0 0 0 0 0 0 0 0 0 0 0 0 0 0 0 0 0 0 0 0 0 0 0 0 0 65 0 0 0 225 3 0 0 1 0 0 0 0 0 0 0 0 0 0 0 2 0 0 0 0 0 0 0 0 0 0 0 8 7 0 0 255 255 255 255 5 0 1 0 0 0 0 0 data 225 0x10005 0x0 0x1e905d30 0x7c 0x0 0x0 0xa0005 0x0 0x1e905d30 0x7c 0x0 0x0 0xe0005 0x0 0x1e905d30 0x7c 0x0 0x0 0x120005 0x0 0x1e7fb750 0x7c 0x0 0x0 0x190002 0x7c 0x200005 0x0 0x323bc70 0x7c 0x0 0x0 0x230104 0x0 0x1e7a3160 0x26 0x0 0x0 0x2a0002 0x7c 0x2d0007 0x0 0x88 0x7c 0x340007 0x0 0x68 0x7c 0x3c0007 0x0 0x38 0x7c 0x400003 0x7c 0x18 0x4d0002 0x7c 0x550007 0x43 0x510 0x39 0x590008 0x12 0x0 0x4a0 0x0 0x148 0x0 0xb8 0x0 0x100 0x13 0x1b0 0x13 0xa0 0x13 0xa0 0x0 0x1f8 0x0 0x270 0x880003 0x26 0x400 0x900005 0x0 0x0 0x0 0x0 0x0 0x930003 0x0 0x3b8 0x9b0005 0x0 0x0 0x0 0x0 0x0 0x9e0003 0x0 0x370 0xa40007 0x0 0x358 0x0 0xab0005 0x0 0x0 0x0 0x0 0x0 0xae0003 0x0 0x308 0xb60005 0x0 0x209aaf10 0x13 0x0 0x0 0xb90003 0x13 0x2c0 0xbe0002 0x0 0xc10007 0x0 0x298 0x0 0xc90005 0x0 0x0 0x0 0x0 0x0 0xcc0003 0x0 0x248 0xd50005 0x0 0x0 0x0 0x0 0x0 0xd80007 0x0 0x1d0 0x0 0xdc0007 0x0 0x1b0 0x0 0xe60002 0x0 0xeb0005 0x0 0x0 0x0 0x0 0x0 0xef0005 0x0 0x0 0x0 0x0 0x0 0xf20005 0x0 0x0 0x0 0x0 0x0 0xf70005 0x0 0x0 0x0 0x0 0x0 0xfb0005 0x0 0x0 0x0 0x0 0x0 0xfe0005 0x0 0x0 0x0 0x0 0x0 0x1010005 0x0 0x0 0x0 0x0 0x0 0x1040005 0x0 0x0 0x0 0x0 0x0 0x10b0005 0x0 0x0 0x0 0x0 0x0 0x1120007 0x0 0x50 0x39 0x1160005 0x0 0x1e905d30 0x39 0x0 0x0 0x11a0005 0x0 0x1e905d30 0x7c 0x0 0x0 oops 9 2 java/awt/event/MouseEvent 8 java/awt/event/MouseEvent 14 java/awt/event/MouseEvent 20 javax/swing/JFrame 28 java/lang/ref/WeakReference 34 javax/swing/JButton 117 java/awt/LightweightDispatcher 215 java/awt/event/MouseEvent 221 java/awt/event/MouseEvent
ciMethodData sun/awt/windows/WComponentPeer handleEvent (Ljava/awt/AWTEvent;)V 2 3792 orig 264 88 131 83 97 0 0 0 0 208 78 148 28 0 0 0 0 72 6 0 0 56 4 0 0 0 0 0 0 0 0 0 0 0 0 0 0 0 0 0 0 0 0 0 0 0 0 0 0 0 0 0 0 0 0 0 0 0 0 0 0 0 0 0 0 0 0 0 0 0 0 0 0 0 0 0 0 0 0 0 0 77 68 79 32 101 120 116 114 97 32 100 97 116 97 32 108 111 99 107 0 0 0 0 0 0 0 0 0 0 0 0 0 0 0 0 0 0 0 0 0 0 0 0 0 0 0 0 0 0 0 0 0 0 0 0 0 0 0 0 0 0 0 0 0 0 0 0 0 0 0 0 0 0 0 0 0 0 0 0 0 0 0 0 0 0 0 0 0 0 0 0 0 0 0 0 0 0 0 0 0 0 0 0 0 0 0 0 0 0 0 0 0 0 0 0 0 0 0 0 0 0 0 0 0 0 0 0 0 0 0 0 0 0 0 0 0 129 1 0 0 121 106 0 0 1 0 0 0 0 0 0 0 0 0 0 0 2 0 0 0 0 0 29 0 2 0 0 0 248 4 0 0 255 255 255 255 5 0 1 0 0 0 0 0 data 159 0x10005 0x89e 0x1e905d30 0x64 0x1e7fb5f0 0x44d 0x60004 0xfffffffffffff31b 0x1e905d30 0x64 0x20b86ae0 0x6 0x90007 0xce5 0x308 0x6a 0xd0004 0x0 0x1e905d30 0x64 0x20b86ae0 0x6 0x100005 0x0 0x1e905d30 0x64 0x20b86ae0 0x6 0x130007 0x3a 0x288 0x30 0x1a0004 0x0 0x1e7fb750 0x30 0x0 0x0 0x1d0005 0x0 0x1e7fb750 0x30 0x0 0x0 0x200007 0x0 0x208 0x30 0x240004 0xfffffffffffffffa 0x1e905d30 0x2a 0x0 0x0 0x270007 0x6 0xe8 0x2a 0x2b0004 0xffffffffffffffd6 0x0 0x0 0x0 0x0 0x2e0007 0x0 0x98 0x2a 0x330004 0x0 0x1e905d30 0x2a 0x0 0x0 0x360005 0x0 0x1e6e6550 0x2a 0x0 0x0 0x390003 0x2a 0xe8 0x3d0004 0x0 0x20b86ae0 0x6 0x0 0x0 0x400007 0x0 0xa0 0x6 0x450004 0x0 0x20b86ae0 0x6 0x0 0x0 0x480005 0x0 0x1e6e6550 0x6 0x0 0x0 0x4b0007 0x6 0x20 0x0 0x500008 0xa 0x0 0x160 0x0 0x60 0x0 0x60 0x0 0x100 0x0 0x100 0x850007 0x0 0xa0 0x0 0x8c0007 0x0 0x80 0x0 0x980005 0x0 0x0 0x0 0x0 0x0 0x9b0005 0x0 0x0 0x0 0x0 0x0 0xa10004 0x0 0x0 0x0 0x0 0x0 0xa40005 0x0 0x0 0x0 0x0 0x0 0xa90005 0x0 0x1e6e6550 0xd4f 0x0 0x0 oops 17 2 java/awt/event/MouseEvent 4 java/awt/event/WindowEvent 8 java/awt/event/MouseEvent 10 java/awt/event/KeyEvent 18 java/awt/event/MouseEvent 20 java/awt/event/KeyEvent 24 java/awt/event/MouseEvent 26 java/awt/event/KeyEvent 34 javax/swing/JFrame 40 javax/swing/JFrame 50 java/awt/event/MouseEvent 70 java/awt/event/MouseEvent 76 sun/awt/windows/WFramePeer 85 java/awt/event/KeyEvent 95 java/awt/event/KeyEvent 101 sun/awt/windows/WFramePeer 155 sun/awt/windows/WFramePeer
ciMethodData sun/awt/GlobalCursorManager _updateCursor (Z)V 2 2218 orig 264 88 131 83 97 0 0 0 0 176 235 200 28 0 0 0 0 152 4 0 0 160 2 0 0 0 0 0 0 0 0 0 0 0 0 0 0 0 0 0 0 0 0 0 0 0 0 0 0 0 0 0 0 0 0 0 0 0 0 0 0 0 0 0 0 0 0 0 0 0 0 0 0 0 0 0 0 0 0 0 0 77 68 79 32 101 120 116 114 97 32 100 97 116 97 32 108 111 99 107 0 0 0 0 0 0 0 0 0 0 0 0 0 0 0 0 0 0 0 0 0 0 0 0 0 0 0 0 0 0 0 0 0 0 0 0 0 0 0 0 0 0 0 0 0 0 0 0 0 0 0 0 0 0 0 0 0 0 0 0 0 0 0 0 0 0 0 0 0 0 0 0 0 0 0 0 0 0 0 0 0 0 0 0 0 0 0 0 0 0 0 0 0 0 0 0 0 0 0 0 0 0 0 0 0 0 0 0 0 0 0 0 0 0 0 0 0 0 1 0 0 81 61 0 0 1 0 0 0 0 0 0 0 0 0 0 0 2 0 0 0 0 0 43 0 2 0 0 0 72 3 0 0 255 255 255 255 2 0 8 0 0 0 0 0 data 105 0x80002 0x7aa 0x100003 0x7aa 0x18 0x1e0005 0x0 0x207a6860 0x7aa 0x0 0x0 0x250007 0x18b 0x50 0x61f 0x290005 0x0 0x207a6860 0x61f 0x0 0x0 0x2f0004 0x0 0x1e7fb750 0x18b 0x0 0x0 0x320007 0x0 0x78 0x18b 0x350002 0x18b 0x3a0005 0x0 0x1e8bd770 0x18b 0x0 0x0 0x400003 0x18b 0x98 0x450004 0x0 0x0 0x0 0x0 0x0 0x480007 0x0 0x50 0x0 0x4e0005 0x0 0x0 0x0 0x0 0x0 0x530007 0x0 0xf0 0x18b 0x5a0002 0x18b 0x600005 0x0 0x207a6860 0x18b 0x0 0x0 0x630002 0x18b 0x680004 0x0 0x1e7fb750 0x18b 0x0 0x0 0x7e0005 0x0 0x1e8bd820 0x18b 0x0 0x0 0x870007 0x0 0x20 0x18b 0x910002 0x18b 0x960005 0x0 0x1e8bd770 0x18b 0x0 0x0 0x9c0005 0x0 0x207a6860 0x18b 0x0 0x0 0x9f0003 0x18b 0x18 oops 9 7 sun/awt/windows/WGlobalCursorManager 17 sun/awt/windows/WGlobalCursorManager 23 javax/swing/JFrame 35 java/awt/Component$1 66 sun/awt/windows/WGlobalCursorManager 74 javax/swing/JFrame 80 java/awt/Container$1 92 java/awt/Component$1 98 sun/awt/windows/WGlobalCursorManager
ciMethodData sun/awt/GlobalCursorManager updateCursorOutOfJava ()V 2 1699 orig 264 88 131 83 97 0 0 0 0 64 236 200 28 0 0 0 0 32 1 0 0 0 0 0 0 0 0 0 0 0 0 0 0 0 0 0 0 0 0 0 0 0 0 0 0 0 0 0 0 0 0 0 0 0 0 0 0 0 0 0 0 0 0 0 0 0 0 0 0 0 0 0 0 0 0 0 0 0 0 0 0 77 68 79 32 101 120 116 114 97 32 100 97 116 97 32 108 111 99 107 0 0 0 0 0 0 0 0 0 0 0 0 0 0 0 0 0 0 0 0 0 0 0 0 0 0 0 0 0 0 0 0 0 0 0 0 0 0 0 0 0 0 0 0 0 0 0 0 0 0 0 0 0 0 0 0 0 0 0 0 0 0 0 0 0 0 0 0 0 0 0 0 0 0 0 0 0 0 0 0 0 0 0 0 0 0 0 0 0 0 0 0 0 0 0 0 0 0 0 0 0 0 0 0 0 0 0 0 0 0 0 0 0 0 0 0 0 131 0 0 0 1 49 0 0 1 0 0 0 0 0 0 0 0 0 0 0 2 0 0 0 0 0 0 0 0 0 0 0 0 0 0 0 255 255 255 255 0 0 0 0 0 0 0 0 data 0 oops 0
ciMethodData java/awt/Component$1 getLocation (Ljava/awt/Component;)Ljava/awt/Point; 1 519 orig 264 88 131 83 97 0 0 0 0 112 215 150 28 0 0 0 0 96 1 0 0 0 0 0 0 0 0 0 0 0 0 0 0 0 0 0 0 0 0 0 0 0 0 0 0 0 0 0 0 0 0 0 0 0 0 0 0 0 0 0 0 0 0 0 0 0 0 0 0 0 0 0 0 0 0 0 0 0 0 0 0 77 68 79 32 101 120 116 114 97 32 100 97 116 97 32 108 111 99 107 0 0 0 0 0 0 0 0 0 0 0 0 0 0 0 0 0 0 0 0 0 0 0 0 0 0 0 0 0 0 0 0 0 0 0 0 0 0 0 0 0 0 0 0 0 0 0 0 0 0 0 0 0 0 0 0 0 0 0 0 0 0 0 0 0 0 0 0 0 0 0 0 0 0 0 0 0 0 0 0 0 0 0 0 0 0 0 0 0 0 0 0 0 0 0 0 0 0 0 0 0 0 0 0 0 0 0 0 0 0 0 0 0 0 0 0 0 124 0 0 0 89 12 0 0 1 0 0 0 0 0 0 0 0 0 0 0 2 0 0 0 0 0 0 0 0 0 0 0 16 0 0 0 255 255 255 255 2 0 1 0 0 0 0 0 data 2 0x10002 0x18b oops 0
ciMethodData java/awt/Component access$100 (Ljava/awt/Component;)Ljava/awt/Point; 1 519 orig 264 88 131 83 97 0 0 0 0 88 28 128 28 0 0 0 0 48 1 0 0 0 0 0 0 0 0 0 0 0 0 0 0 0 0 0 0 0 0 0 0 0 0 0 0 0 0 0 0 0 0 0 0 0 0 0 0 0 0 0 0 0 0 0 0 0 0 0 0 0 0 0 0 0 0 0 0 0 0 0 0 77 68 79 32 101 120 116 114 97 32 100 97 116 97 32 108 111 99 107 0 0 0 0 0 0 0 0 0 0 0 0 0 0 0 0 0 0 0 0 0 0 0 0 0 0 0 0 0 0 0 0 0 0 0 0 0 0 0 0 0 0 0 0 0 0 0 0 0 0 0 0 0 0 0 0 0 0 0 0 0 0 0 0 0 0 0 0 0 0 0 0 0 0 0 0 0 0 0 0 0 0 0 0 0 0 0 0 0 0 0 0 0 0 0 0 0 0 0 0 0 0 0 0 0 0 0 0 0 0 0 0 0 0 0 0 0 124 0 0 0 89 12 0 0 1 0 0 0 0 0 0 0 0 0 0 0 2 0 0 0 0 0 0 0 0 0 0 0 16 0 0 0 255 255 255 255 2 0 1 0 0 0 0 0 data 2 0x10002 0x18b oops 0
ciMethodData java/awt/Component location_NoClientCode ()Ljava/awt/Point; 1 519 orig 264 88 131 83 97 0 0 0 0 112 59 127 28 0 0 0 0 48 1 0 0 0 0 0 0 0 0 0 0 0 0 0 0 0 0 0 0 0 0 0 0 0 0 0 0 0 0 0 0 0 0 0 0 0 0 0 0 0 0 0 0 0 0 0 0 0 0 0 0 0 0 0 0 0 0 0 0 0 0 0 0 77 68 79 32 101 120 116 114 97 32 100 97 116 97 32 108 111 99 107 0 0 0 0 0 0 0 0 0 0 0 0 0 0 0 0 0 0 0 0 0 0 0 0 0 0 0 0 0 0 0 0 0 0 0 0 0 0 0 0 0 0 0 0 0 0 0 0 0 0 0 0 0 0 0 0 0 0 0 0 0 0 0 0 0 0 0 0 0 0 0 0 0 0 0 0 0 0 0 0 0 0 0 0 0 0 0 0 0 0 0 0 0 0 0 0 0 0 0 0 0 0 0 0 0 0 0 0 0 0 0 0 0 0 0 0 0 124 0 0 0 89 12 0 0 1 0 0 0 0 0 0 0 0 0 0 0 2 0 0 0 0 0 0 0 0 0 0 0 16 0 0 0 255 255 255 255 2 0 12 0 0 0 0 0 data 2 0xc0002 0x18b oops 0
ciMethodData java/awt/Point <init> ()V 1 519 orig 264 88 131 83 97 0 0 0 0 168 54 179 28 0 0 0 0 48 1 0 0 0 0 0 0 0 0 0 0 0 0 0 0 0 0 0 0 0 0 0 0 0 0 0 0 0 0 0 0 0 0 0 0 0 0 0 0 0 0 0 0 0 0 0 0 0 0 0 0 0 0 0 0 0 0 0 0 0 0 0 0 77 68 79 32 101 120 116 114 97 32 100 97 116 97 32 108 111 99 107 0 0 0 0 0 0 0 0 0 0 0 0 0 0 0 0 0 0 0 0 0 0 0 0 0 0 0 0 0 0 0 0 0 0 0 0 0 0 0 0 0 0 0 0 0 0 0 0 0 0 0 0 0 0 0 0 0 0 0 0 0 0 0 0 0 0 0 0 0 0 0 0 0 0 0 0 0 0 0 0 0 0 0 0 0 0 0 0 0 0 0 0 0 0 0 0 0 0 0 0 0 0 0 0 0 0 0 0 0 0 0 0 0 0 0 0 0 124 0 0 0 89 12 0 0 1 0 0 0 0 0 0 0 0 0 0 0 2 0 0 0 0 0 0 0 0 0 0 0 16 0 0 0 255 255 255 255 2 0 3 0 0 0 0 0 data 2 0x30002 0x18b oops 0
ciMethodData sun/awt/AWTAccessor getContainerAccessor ()Lsun/awt/AWTAccessor$ContainerAccessor; 1 519 orig 264 88 131 83 97 0 0 0 0 144 163 132 28 0 0 0 0 144 1 0 0 0 0 0 0 0 0 0 0 0 0 0 0 0 0 0 0 0 0 0 0 0 0 0 0 0 0 0 0 0 0 0 0 0 0 0 0 0 0 0 0 0 0 0 0 0 0 0 0 0 0 0 0 0 0 0 0 0 0 0 0 77 68 79 32 101 120 116 114 97 32 100 97 116 97 32 108 111 99 107 0 0 0 0 0 0 0 0 0 0 0 0 0 0 0 0 0 0 0 0 0 0 0 0 0 0 0 0 0 0 0 0 0 0 0 0 0 0 0 0 0 0 0 0 0 0 0 0 0 0 0 0 0 0 0 0 0 0 0 0 0 0 0 0 0 0 0 0 0 0 0 0 0 0 0 0 0 0 0 0 0 0 0 0 0 0 0 0 0 0 0 0 0 0 0 0 0 0 0 0 0 0 0 0 0 0 0 0 0 0 0 0 0 0 0 0 0 124 0 0 0 89 12 0 0 1 0 0 0 0 0 0 0 0 0 0 0 2 0 0 0 0 0 0 0 0 0 0 0 80 0 0 0 255 255 255 255 7 0 3 0 0 0 0 0 data 10 0x30007 0x18b 0x50 0x0 0xb0005 0x0 0x0 0x0 0x0 0x0 oops 0
ciMethodData java/awt/Container$1 findComponentAt (Ljava/awt/Container;IIZ)Ljava/awt/Component; 1 519 orig 264 88 131 83 97 0 0 0 0 32 44 151 28 0 0 0 0 152 1 0 0 0 0 0 0 0 0 0 0 0 0 0 0 0 0 0 0 0 0 0 0 0 0 0 0 0 0 0 0 0 0 0 0 0 0 0 0 0 0 0 0 0 0 0 0 0 0 0 0 0 0 0 0 0 0 0 0 0 0 0 0 77 68 79 32 101 120 116 114 97 32 100 97 116 97 32 108 111 99 107 0 0 0 0 0 0 0 0 0 0 0 0 0 0 0 0 0 0 0 0 0 0 0 0 0 0 0 0 0 0 0 0 0 0 0 0 0 0 0 0 0 0 0 0 0 0 0 0 0 0 0 0 0 0 0 0 0 0 0 0 0 0 0 0 0 0 0 0 0 0 0 0 0 0 0 0 0 0 0 0 0 0 0 0 0 0 0 0 0 0 0 0 0 0 0 0 0 0 0 0 0 0 0 0 0 0 0 0 0 0 0 0 0 0 0 0 0 124 0 0 0 89 12 0 0 1 0 0 0 0 0 0 0 0 0 0 0 2 0 0 0 0 0 0 0 0 0 0 0 48 0 0 0 255 255 255 255 5 0 5 0 0 0 0 0 data 6 0x50005 0x0 0x1e7fb750 0x18b 0x0 0x0 oops 1 2 javax/swing/JFrame
ciMethodData java/awt/Container findComponentAt (IIZ)Ljava/awt/Component; 1 519 orig 264 88 131 83 97 0 0 0 0 160 86 126 28 0 0 0 0 40 2 0 0 128 0 0 0 0 0 0 0 0 0 0 0 0 0 0 0 0 0 0 0 0 0 0 0 0 0 0 0 0 0 0 0 0 0 0 0 0 0 0 0 0 0 0 0 0 0 0 0 0 0 0 0 0 0 0 0 0 0 0 0 77 68 79 32 101 120 116 114 97 32 100 97 116 97 32 108 111 99 107 0 0 0 0 0 0 0 0 0 0 0 0 0 0 0 0 0 0 0 0 0 0 0 0 0 0 0 0 0 0 0 0 0 0 0 0 0 0 0 0 0 0 0 0 0 0 0 0 0 0 0 0 0 0 0 0 0 0 0 0 0 0 0 0 0 0 0 0 0 0 0 0 0 0 0 0 0 0 0 0 0 0 0 0 0 0 0 0 0 0 0 0 0 0 0 0 0 0 0 0 0 0 0 0 0 0 0 0 0 0 0 0 0 0 0 0 0 124 0 0 0 89 12 0 0 1 0 0 0 0 0 0 0 0 0 0 0 2 0 0 0 0 0 11 0 2 0 0 0 200 0 0 0 255 255 255 255 5 0 1 0 0 0 0 0 data 25 0x10005 0x81 0x1e7fb750 0x10a 0x0 0x0 0x90005 0x0 0x1e7fb750 0x18b 0x0 0x0 0xc0007 0x0 0x50 0x18b 0x130005 0x81 0x1e7fb750 0x10a 0x0 0x0 0x1d0003 0x0 0x18 oops 3 2 javax/swing/JFrame 8 javax/swing/JFrame 18 javax/swing/JFrame
ciMethodData java/awt/Component$1 getCursor (Ljava/awt/Component;)Ljava/awt/Cursor; 1 519 orig 264 88 131 83 97 0 0 0 0 224 217 150 28 0 0 0 0 128 1 0 0 0 0 0 0 0 0 0 0 0 0 0 0 0 0 0 0 0 0 0 0 0 0 0 0 0 0 0 0 0 0 0 0 0 0 0 0 0 0 0 0 0 0 0 0 0 0 0 0 0 0 0 0 0 0 0 0 0 0 0 0 77 68 79 32 101 120 116 114 97 32 100 97 116 97 32 108 111 99 107 0 0 0 0 0 0 0 0 0 0 0 0 0 0 0 0 0 0 0 0 0 0 0 0 0 0 0 0 0 0 0 0 0 0 0 0 0 0 0 0 0 0 0 0 0 0 0 0 0 0 0 0 0 0 0 0 0 0 0 0 0 0 0 0 0 0 0 0 0 0 0 0 0 0 0 0 0 0 0 0 0 0 0 0 0 0 0 0 0 0 0 0 0 0 0 0 0 0 0 0 0 0 0 0 0 0 0 0 0 0 0 0 0 0 0 0 0 124 0 0 0 89 12 0 0 1 0 0 0 0 0 0 0 0 0 0 0 2 0 0 0 0 0 0 0 0 0 0 0 48 0 0 0 255 255 255 255 5 0 1 0 0 0 0 0 data 6 0x10005 0x0 0x209a79a0 0x18b 0x0 0x0 oops 1 2 river/FirstLevel
ciMethodData sun/awt/windows/WComponentPeer updateCursorImmediately ()V 2 2213 orig 264 88 131 83 97 0 0 0 0 104 99 148 28 0 0 0 0 136 1 0 0 0 0 0 0 0 0 0 0 0 0 0 0 0 0 0 0 0 0 0 0 0 0 0 0 0 0 0 0 0 0 0 0 0 0 0 0 0 0 0 0 0 0 0 0 0 0 0 0 0 0 0 0 0 0 0 0 0 0 0 0 77 68 79 32 101 120 116 114 97 32 100 97 116 97 32 108 111 99 107 0 0 0 0 0 0 0 0 0 0 0 0 0 0 0 0 0 0 0 0 0 0 0 0 0 0 0 0 0 0 0 0 0 0 0 0 0 0 0 0 0 0 0 0 0 0 0 0 0 0 0 0 0 0 0 0 0 0 0 0 0 0 0 0 0 0 0 0 0 0 0 0 0 0 0 0 0 0 0 0 0 0 0 0 0 0 0 0 0 0 0 0 0 0 0 0 0 0 0 0 0 0 0 0 0 0 0 0 0 0 0 0 0 0 0 0 0 0 1 0 0 41 61 0 0 1 0 0 0 0 0 0 0 0 0 0 0 2 0 0 0 0 0 13 0 2 0 0 0 64 0 0 0 255 255 255 255 2 0 0 0 0 0 0 0 data 8 0x2 0x7a5 0x30005 0x0 0x207a6860 0x7a5 0x0 0x0 oops 1 4 sun/awt/windows/WGlobalCursorManager
ciMethodData sun/awt/GlobalCursorManager updateCursorImmediately ()V 2 2213 orig 264 88 131 83 97 0 0 0 0 224 229 200 28 0 0 0 0 72 1 0 0 0 0 0 0 0 0 0 0 0 0 0 0 0 0 0 0 0 0 0 0 0 0 0 0 0 0 0 0 0 0 0 0 0 0 0 0 0 0 0 0 0 0 0 0 0 0 0 0 0 0 0 0 0 0 0 0 0 0 0 0 77 68 79 32 101 120 116 114 97 32 100 97 116 97 32 108 111 99 107 0 0 0 0 0 0 0 0 0 0 0 0 0 0 0 0 0 0 0 0 0 0 0 0 0 0 0 0 0 0 0 0 0 0 0 0 0 0 0 0 0 0 0 0 0 0 0 0 0 0 0 0 0 0 0 0 0 0 0 0 0 0 0 0 0 0 0 0 0 0 0 0 0 0 0 0 0 0 0 0 0 0 0 0 0 0 0 0 0 0 0 0 0 0 0 0 0 0 0 0 0 0 0 0 0 0 0 0 0 0 0 0 0 0 0 0 0 0 1 0 0 41 61 0 0 1 0 0 0 0 0 0 0 0 0 0 0 2 0 0 0 0 0 8 0 2 0 0 0 40 0 0 0 255 255 255 255 3 0 17 0 0 0 0 0 data 5 0x110003 0x7a5 0x18 0x1b0002 0x7a5 oops 0
instanceKlass sun/awt/windows/WToolkit$3
instanceKlass java/beans/PropertyChangeSupport$1
instanceKlass java/security/DomainCombiner
instanceKlass sun/awt/ModalExclude
instanceKlass javax/swing/KeyboardManager
instanceKlass javax/swing/JComponent$IntVector
instanceKlass javax/swing/JComponent$KeyboardState
instanceKlass java/awt/KeyboardFocusManager$5
instanceKlass java/awt/LightweightDispatcher$2
instanceKlass java/awt/AWTEvent$2
instanceKlass java/awt/Toolkit$SelectiveAWTEventListener
instanceKlass java/awt/LightweightDispatcher$1
instanceKlass java/awt/Container$MouseEventTargetFilter
instanceKlass java/awt/Container$EventTargetFilter
instanceKlass javax/swing/Scrollable
instanceKlass java/text/AttributedString$AttributedStringIterator
instanceKlass java/text/AttributedCharacterIterator
instanceKlass java/text/CharacterIterator
instanceKlass java/text/AttributedString
instanceKlass sun/awt/im/CompositionAreaHandler
instanceKlass java/util/Collections$EmptyIterator
instanceKlass sun/util/locale/InternalLocaleBuilder$CaseInsensitiveChar
instanceKlass sun/util/locale/InternalLocaleBuilder
instanceKlass sun/util/locale/StringTokenIterator
instanceKlass sun/util/locale/ParseStatus
instanceKlass sun/util/locale/LanguageTag
instanceKlass sun/awt/im/InputMethodAdapter
instanceKlass java/awt/im/spi/InputMethod
instanceKlass java/awt/im/spi/InputMethodContext
instanceKlass java/awt/im/InputMethodRequests
instanceKlass java/awt/im/InputContext
instanceKlass java/awt/KeyboardFocusManager$3
instanceKlass java/util/zip/ZStreamRef
instanceKlass java/util/zip/Inflater
instanceKlass java/lang/invoke/LambdaForm$MH
instanceKlass java/lang/invoke/LambdaForm$DMH
instanceKlass sun/awt/image/ImageWatched$WeakLink$$Lambda$16
instanceKlass java/lang/invoke/LambdaForm$DMH
instanceKlass sun/awt/image/JPEGImageDecoder$1
instanceKlass sun/awt/image/ImageDecoder
instanceKlass sun/awt/image/ImageFetcher$1
instanceKlass sun/awt/image/FetcherInfo
instanceKlass sun/awt/image/ImageConsumerQueue
instanceKlass sun/awt/image/ImageWatched$Link
instanceKlass sun/awt/image/ImageWatched
instanceKlass java/awt/image/ImageConsumer
instanceKlass sun/awt/image/MultiResolutionImage
instanceKlass java/awt/MediaEntry
instanceKlass sun/awt/image/InputStreamImageSource
instanceKlass sun/awt/image/ImageFetchable
instanceKlass java/awt/image/ImageProducer
instanceKlass java/awt/MediaTracker
instanceKlass javax/accessibility/AccessibleContext
instanceKlass java/awt/dnd/DropTarget
instanceKlass java/awt/dnd/DropTargetListener
instanceKlass java/awt/image/BufferStrategy
instanceKlass javax/swing/ImageIcon$2
instanceKlass javax/swing/ImageIcon$1
instanceKlass javax/swing/ImageIcon
instanceKlass javax/swing/Icon
instanceKlass javax/swing/plaf/metal/MetalUtils
instanceKlass sun/java2d/loops/FontInfo
instanceKlass java/awt/PrintGraphics
instanceKlass java/awt/print/PrinterGraphics
instanceKlass sun/awt/image/BufImgSurfaceData$ICMColorData
instanceKlass java/awt/image/BufferedImage$1
instanceKlass java/awt/image/WritableRenderedImage
instanceKlass java/awt/image/RenderedImage
instanceKlass sun/awt/image/NativeLibLoader$1
instanceKlass sun/awt/image/NativeLibLoader
instanceKlass java/awt/image/SampleModel
instanceKlass java/awt/image/DataBuffer$1
instanceKlass sun/awt/image/SunWritableRaster$DataStealer
instanceKlass java/awt/image/DataBuffer
instanceKlass java/awt/image/Raster
instanceKlass sun/java2d/opengl/OGLGraphicsConfig
instanceKlass sun/reflect/ClassDefiner$1
instanceKlass sun/reflect/ClassDefiner
instanceKlass sun/reflect/MethodAccessorGenerator$1
instanceKlass sun/awt/SunGraphicsCallback
instanceKlass sun/reflect/Label$PatchInfo
instanceKlass sun/reflect/Label
instanceKlass sun/java2d/pipe/hw/AccelSurface
instanceKlass sun/reflect/UTF8
instanceKlass javax/swing/RepaintManager$4
instanceKlass sun/reflect/ClassFileAssembler
instanceKlass sun/reflect/ByteVectorImpl
instanceKlass sun/reflect/ByteVector
instanceKlass sun/reflect/ByteVectorFactory
instanceKlass sun/reflect/AccessorGenerator
instanceKlass sun/reflect/ClassFileConstants
instanceKlass java/awt/event/MouseEvent$1
instanceKlass sun/awt/AWTAccessor$MouseEventAccessor
instanceKlass sun/font/CMap
instanceKlass sun/font/T2KFontScaler$1
instanceKlass sun/font/FontScaler
instanceKlass sun/font/TrueTypeFont$DirectoryEntry
instanceKlass java/nio/DirectByteBuffer$Deallocator
instanceKlass sun/nio/ch/Util$BufferCache
instanceKlass sun/nio/ch/Util$2
instanceKlass sun/nio/ch/Util
instanceKlass sun/nio/ch/IOStatus
instanceKlass sun/nio/ch/NativeThread
instanceKlass java/nio/channels/spi/AbstractInterruptibleChannel$1
instanceKlass sun/nio/ch/FileDispatcherImpl$1
instanceKlass sun/nio/ch/NativeDispatcher
instanceKlass sun/nio/ch/NativeThreadSet
instanceKlass java/net/Inet6Address$Inet6AddressHolder
instanceKlass java/net/InetAddress$2
instanceKlass sun/net/spi/nameservice/NameService
instanceKlass java/net/Inet6AddressImpl
instanceKlass java/net/InetAddressImpl
instanceKlass java/net/InetAddressImplFactory
instanceKlass java/net/InetAddress$Cache
instanceKlass java/net/InetAddress$InetAddressHolder
instanceKlass java/net/InetAddress$1
instanceKlass java/net/InetAddress
instanceKlass sun/nio/ch/IOUtil$1
instanceKlass sun/nio/ch/IOUtil
instanceKlass java/nio/file/attribute/FileAttribute
instanceKlass java/nio/channels/spi/AbstractInterruptibleChannel
instanceKlass java/nio/channels/InterruptibleChannel
instanceKlass java/nio/channels/ScatteringByteChannel
instanceKlass java/nio/channels/GatheringByteChannel
instanceKlass java/nio/channels/SeekableByteChannel
instanceKlass java/nio/channels/ByteChannel
instanceKlass java/nio/channels/WritableByteChannel
instanceKlass java/nio/channels/ReadableByteChannel
instanceKlass java/nio/channels/Channel
instanceKlass java/io/RandomAccessFile
instanceKlass java/io/DataOutput
instanceKlass sun/font/TrueTypeFont$1
instanceKlass sun/font/TrueTypeFont$TTDisposerRecord
instanceKlass sun/font/StrikeCache$DisposableStrike
instanceKlass sun/font/FontStrikeDisposer
instanceKlass sun/java2d/Disposer$PollDisposable
instanceKlass sun/font/FontStrikeDesc
instanceKlass sun/font/FontDesignMetrics$MetricsKey
instanceKlass java/awt/FontMetrics
instanceKlass javax/swing/plaf/basic/BasicGraphicsUtils
instanceKlass java/awt/KeyboardFocusManager$LightweightFocusRequest
instanceKlass java/awt/DefaultKeyboardFocusManager$TypeAheadMarker
instanceKlass java/awt/KeyboardFocusManager$HeavyweightFocusRequest
instanceKlass java/awt/Cursor$CursorDisposer
instanceKlass sun/awt/GlobalCursorManager$NativeUpdater
instanceKlass sun/awt/GlobalCursorManager
instanceKlass java/awt/SequencedEvent$1
instanceKlass sun/awt/AWTAccessor$SequencedEventAccessor
instanceKlass java/awt/EventQueue$4
instanceKlass java/awt/SplashScreen
instanceKlass sun/awt/NullComponentPeer
instanceKlass java/awt/peer/LightweightPeer
instanceKlass sun/awt/im/ExecutableInputMethodManager$3
instanceKlass sun/awt/im/InputMethodLocator
instanceKlass sun/awt/windows/WInputMethodDescriptor
instanceKlass java/awt/im/spi/InputMethodDescriptor
instanceKlass sun/awt/im/InputMethodManager
instanceKlass sun/awt/FontConfiguration$2
instanceKlass sun/awt/Win32FontManager$2
instanceKlass sun/font/SunFontManager$3
instanceKlass sun/font/FontFamily
instanceKlass sun/font/Font2DHandle
instanceKlass sun/font/CompositeFontDescriptor
instanceKlass java/io/DataInput
instanceKlass sun/awt/FontDescriptor
instanceKlass sun/awt/FontConfiguration
instanceKlass sun/font/SunFontManager$FontRegistrationInfo
instanceKlass sun/font/SunFontManager$2
instanceKlass sun/awt/Win32FontManager$1
instanceKlass sun/font/FontManagerFactory$1
instanceKlass sun/font/FontManagerFactory
instanceKlass sun/font/GlyphList
instanceKlass sun/font/StrikeCache$1
instanceKlass sun/font/StrikeCache
instanceKlass sun/font/FontStrike
instanceKlass sun/font/CharToGlyphMapper
instanceKlass sun/font/StrikeMetrics
instanceKlass sun/font/Font2D
instanceKlass sun/font/FontUtilities$1
instanceKlass sun/font/FontUtilities
instanceKlass sun/font/FontManagerNativeLibrary$1
instanceKlass sun/font/FontManagerNativeLibrary
instanceKlass sun/font/SunFontManager$1
instanceKlass sun/font/SunFontManager$T1Filter
instanceKlass sun/font/SunFontManager$TTFilter
instanceKlass java/io/FilenameFilter
instanceKlass sun/font/SunFontManager
instanceKlass sun/font/FontManagerForSGE
instanceKlass sun/font/FontManager
instanceKlass sun/java2d/FontSupport
instanceKlass sun/awt/NativeLibLoader$1
instanceKlass sun/awt/NativeLibLoader
instanceKlass sun/awt/PlatformFont
instanceKlass java/awt/peer/FontPeer
instanceKlass sun/awt/windows/WColor
instanceKlass sun/java2d/StateTracker$2
instanceKlass sun/java2d/StateTracker$1
instanceKlass sun/java2d/StateTracker
instanceKlass sun/java2d/SurfaceDataProxy
instanceKlass sun/awt/image/SurfaceManager$FlushableCacheData
instanceKlass sun/java2d/DefaultDisposerRecord
instanceKlass java/util/TimSort
instanceKlass sun/java2d/loops/GraphicsPrimitiveMgr$PrimitiveSpec
instanceKlass sun/java2d/loops/RenderLoops
instanceKlass sun/java2d/windows/GDIRenderer
instanceKlass sun/java2d/loops/GraphicsPrimitiveMgr$2
instanceKlass sun/java2d/loops/GraphicsPrimitiveMgr$1
instanceKlass sun/java2d/loops/GeneralRenderer
instanceKlass sun/java2d/loops/CustomComponent
instanceKlass sun/java2d/pipe/ValidatePipe
instanceKlass java/awt/BasicStroke
instanceKlass java/awt/Stroke
instanceKlass java/awt/geom/Path2D
instanceKlass java/awt/AlphaComposite
instanceKlass sun/awt/ConstrainableGraphics
instanceKlass sun/java2d/loops/CompositeType
instanceKlass sun/java2d/loops/GraphicsPrimitiveMgr
instanceKlass sun/java2d/loops/GraphicsPrimitive
instanceKlass sun/java2d/loops/XORComposite
instanceKlass java/awt/Composite
instanceKlass sun/java2d/pipe/hw/AccelGraphicsConfig
instanceKlass sun/java2d/pipe/hw/BufferedContextProvider
instanceKlass sun/java2d/d3d/D3DScreenUpdateManager$$Lambda$15
instanceKlass javax/swing/RepaintManager$2$1
instanceKlass java/util/LinkedList$ListItr
instanceKlass sun/java2d/d3d/D3DScreenUpdateManager$$Lambda$14
instanceKlass java/awt/TrayIcon
instanceKlass java/awt/MenuComponent
instanceKlass java/awt/EventQueue$3
instanceKlass sun/awt/dnd/SunDragSourceContextPeer
instanceKlass sun/java2d/ScreenUpdateManager
instanceKlass java/awt/dnd/peer/DragSourceContextPeer
instanceKlass sun/awt/EventQueueDelegate
instanceKlass java/awt/ModalEventFilter
instanceKlass java/awt/EventDispatchThread$HierarchyEventFilter
instanceKlass java/awt/EventFilter
instanceKlass java/awt/EventDispatchThread$1
instanceKlass java/awt/Conditional
instanceKlass sun/awt/EventQueueItem
instanceKlass java/awt/EventQueue$5
instanceKlass java/awt/event/InvocationEvent$1
instanceKlass sun/awt/AWTAccessor$InvocationEventAccessor
instanceKlass java/awt/ActiveEvent
instanceKlass javax/swing/RepaintManager$2
instanceKlass sun/awt/windows/WComponentPeer$2
instanceKlass sun/awt/im/InputMethodWindow
instanceKlass sun/awt/ExtendedKeyCodes
instanceKlass sun/awt/RepaintArea
instanceKlass sun/awt/windows/WWindowPeer$GuiDisposedListener
instanceKlass sun/awt/windows/WWindowPeer$ActiveWindowListener
instanceKlass java/awt/peer/CanvasPeer
instanceKlass java/awt/peer/PanelPeer
instanceKlass java/awt/peer/FramePeer
instanceKlass java/awt/peer/WindowPeer
instanceKlass java/awt/peer/ContainerPeer
instanceKlass javax/swing/plaf/basic/BasicHTML
instanceKlass java/beans/VetoableChangeListener
instanceKlass javax/swing/event/AncestorListener
instanceKlass java/awt/AWTEventMulticaster
instanceKlass java/awt/event/MouseWheelListener
instanceKlass java/awt/event/HierarchyBoundsListener
instanceKlass java/awt/event/HierarchyListener
instanceKlass java/awt/event/InputMethodListener
instanceKlass java/awt/event/TextListener
instanceKlass java/awt/event/AdjustmentListener
instanceKlass java/awt/event/WindowStateListener
instanceKlass java/awt/event/WindowFocusListener
instanceKlass java/awt/event/WindowListener
instanceKlass java/awt/event/KeyListener
instanceKlass java/awt/event/ContainerListener
instanceKlass java/awt/event/ComponentListener
instanceKlass javax/swing/plaf/basic/BasicButtonListener
instanceKlass java/awt/event/FocusListener
instanceKlass java/awt/event/MouseMotionListener
instanceKlass javax/swing/plaf/metal/MetalBorders
instanceKlass javax/swing/plaf/metal/DefaultMetalTheme$FontDelegate$1
instanceKlass javax/swing/AbstractButton$Handler
instanceKlass java/awt/event/ItemListener
instanceKlass javax/swing/event/ChangeListener
instanceKlass javax/swing/DefaultButtonModel
instanceKlass javax/swing/ButtonModel
instanceKlass river/Plant
instanceKlass river/Boat
instanceKlass river/Animal
instanceKlass river/Farmer1
instanceKlass javax/swing/ActionMap
instanceKlass java/awt/event/KeyEvent$1
instanceKlass sun/awt/AWTAccessor$KeyEventAccessor
instanceKlass java/awt/VKCollection
instanceKlass javax/swing/InputMap
instanceKlass javax/swing/LayoutComparator
instanceKlass java/util/function/IntBinaryOperator
instanceKlass java/util/function/LongBinaryOperator
instanceKlass java/util/function/DoubleBinaryOperator
instanceKlass java/util/function/BinaryOperator
instanceKlass java/util/function/BiFunction
instanceKlass java/util/function/IntToDoubleFunction
instanceKlass java/util/function/IntToLongFunction
instanceKlass java/util/function/IntUnaryOperator
instanceKlass java/util/function/IntFunction
instanceKlass java/util/stream/LongStream
instanceKlass java/util/stream/DoubleStream
instanceKlass java/util/stream/Stream
instanceKlass java/util/stream/IntStream
instanceKlass java/util/stream/BaseStream
instanceKlass java/util/Spliterator$OfDouble
instanceKlass java/util/Spliterator$OfInt
instanceKlass java/util/Spliterator$OfLong
instanceKlass java/util/Spliterator$OfPrimitive
instanceKlass java/util/Spliterator
instanceKlass javax/swing/SortingFocusTraversalPolicy$1
instanceKlass javax/swing/RepaintManager$PaintManager
instanceKlass javax/swing/JRootPane$RootLayout
instanceKlass javax/swing/ArrayTable
instanceKlass java/awt/Window$WindowDisposerRecord
instanceKlass java/awt/BorderLayout
instanceKlass java/awt/LayoutManager2
instanceKlass java/awt/GraphicsConfiguration
instanceKlass sun/awt/image/SurfaceManager$ProxiedGraphicsConfig
instanceKlass sun/java2d/pipe/hw/ContextCapabilities
instanceKlass sun/java2d/d3d/D3DGraphicsDevice$1
instanceKlass sun/java2d/d3d/D3DGraphicsDevice$1Result
instanceKlass sun/java2d/d3d/D3DRenderQueue$1
instanceKlass sun/java2d/pipe/RenderBuffer
instanceKlass sun/java2d/pipe/RenderQueue
instanceKlass sun/misc/PerfCounter$WindowsClientCounters
instanceKlass java/awt/GraphicsDevice
instanceKlass java/awt/Cursor$1
instanceKlass sun/awt/AWTAccessor$CursorAccessor
instanceKlass java/awt/geom/Point2D
instanceKlass java/awt/Cursor
instanceKlass java/awt/Frame$1
instanceKlass sun/awt/AWTAccessor$FrameAccessor
instanceKlass java/awt/Window$1
instanceKlass sun/awt/AWTAccessor$WindowAccessor
instanceKlass javax/swing/RootPaneContainer
instanceKlass javax/swing/WindowConstants
instanceKlass com/sun/java/swing/SwingUtilities3
instanceKlass javax/swing/RepaintManager$ProcessingRunnable
instanceKlass java/awt/geom/RectangularShape
instanceKlass java/awt/Shape
instanceKlass sun/swing/SwingLazyValue$1
instanceKlass sun/reflect/misc/Trampoline
instanceKlass sun/misc/IOUtils
instanceKlass sun/net/www/protocol/jar/JarFileFactory
instanceKlass sun/net/www/protocol/jar/URLJarFile$URLJarFileCloseController
instanceKlass java/util/zip/ZipEntry
instanceKlass sun/misc/JarIndex
instanceKlass java/util/zip/ZipCoder
instanceKlass java/nio/charset/StandardCharsets
instanceKlass java/util/jar/JavaUtilJarAccessImpl
instanceKlass sun/misc/JavaUtilJarAccess
instanceKlass sun/reflect/misc/MethodUtil$1
instanceKlass javax/swing/plaf/ComponentUI
instanceKlass sun/util/ResourceBundleEnumeration
instanceKlass java/util/ResourceBundle$RBClassLoader$1
instanceKlass javax/swing/UIManager$2
instanceKlass sun/awt/KeyboardFocusManagerPeerImpl
instanceKlass java/awt/peer/KeyboardFocusManagerPeer
instanceKlass java/awt/FocusTraversalPolicy
instanceKlass java/awt/DefaultKeyboardFocusManager$1
instanceKlass sun/awt/AWTAccessor$DefaultKeyboardFocusManagerAccessor
instanceKlass java/awt/AWTKeyStroke$1
instanceKlass java/awt/AWTKeyStroke
instanceKlass java/awt/KeyboardFocusManager$1
instanceKlass sun/awt/AWTAccessor$KeyboardFocusManagerAccessor
instanceKlass java/awt/KeyboardFocusManager
instanceKlass java/awt/KeyEventPostProcessor
instanceKlass java/awt/KeyEventDispatcher
instanceKlass sun/awt/PaintEventDispatcher
instanceKlass sun/swing/SwingAccessor
instanceKlass javax/swing/RepaintManager$1
instanceKlass sun/swing/SwingAccessor$RepaintManagerAccessor
instanceKlass javax/swing/RepaintManager$DisplayChangedHandler
instanceKlass javax/swing/RepaintManager
instanceKlass javax/swing/plaf/metal/OceanTheme$6
instanceKlass javax/swing/plaf/metal/OceanTheme$5
instanceKlass javax/swing/plaf/metal/OceanTheme$4
instanceKlass javax/swing/plaf/metal/OceanTheme$3
instanceKlass javax/swing/plaf/metal/OceanTheme$2
instanceKlass javax/swing/plaf/metal/OceanTheme$1
instanceKlass java/util/EventListenerProxy
instanceKlass sun/swing/SwingUtilities2$AATextInfo
instanceKlass sun/misc/FloatingDecimal$ASCIIToBinaryBuffer
instanceKlass sun/misc/FloatingDecimal$PreparedASCIIToBinaryBuffer
instanceKlass sun/misc/FloatingDecimal$ASCIIToBinaryConverter
instanceKlass sun/misc/FloatingDecimal$BinaryToASCIIBuffer
instanceKlass sun/misc/FloatingDecimal$ExceptionalBinaryToASCIIBuffer
instanceKlass sun/misc/FloatingDecimal$BinaryToASCIIConverter
instanceKlass sun/misc/FloatingDecimal
instanceKlass sun/java2d/SunGraphicsEnvironment$1
instanceKlass sun/awt/SunDisplayChanger
instanceKlass sun/java2d/SurfaceManagerFactory
instanceKlass sun/java2d/windows/WindowsFlags$1
instanceKlass sun/java2d/windows/WindowsFlags
instanceKlass javax/swing/plaf/metal/MetalLookAndFeel$$Lambda$13
instanceKlass javax/swing/plaf/metal/MetalLookAndFeel$$Lambda$12
instanceKlass javax/swing/plaf/metal/MetalLookAndFeel$$Lambda$11
instanceKlass javax/swing/plaf/metal/MetalLookAndFeel$$Lambda$10
instanceKlass javax/swing/plaf/metal/MetalLookAndFeel$$Lambda$9
instanceKlass javax/swing/plaf/metal/MetalLookAndFeel$FontActiveValue
instanceKlass javax/swing/plaf/metal/MetalLookAndFeel$$Lambda$8
instanceKlass javax/swing/plaf/metal/MetalLookAndFeel$$Lambda$7
instanceKlass javax/swing/UIDefaults$LazyInputMap
instanceKlass javax/swing/plaf/basic/BasicLookAndFeel$2
instanceKlass sun/swing/SwingUtilities2$2
instanceKlass javax/swing/border/AbstractBorder
instanceKlass javax/swing/border/Border
instanceKlass javax/swing/UIDefaults$ActiveValue
instanceKlass sun/swing/SwingLazyValue
instanceKlass javax/swing/UIDefaults$LazyValue
instanceKlass javax/swing/plaf/metal/DefaultMetalTheme$FontDelegate
instanceKlass javax/swing/plaf/UIResource
instanceKlass javax/swing/plaf/metal/MetalTheme
instanceKlass sun/swing/DefaultLookup
instanceKlass javax/swing/LookAndFeel
instanceKlass javax/swing/UIManager$1
instanceKlass javax/swing/UIManager$LAFState
instanceKlass sun/swing/SwingUtilities2$LSBCacheEntry
instanceKlass sun/swing/StringUIClientPropertyKey
instanceKlass sun/swing/UIClientPropertyKey
instanceKlass java/awt/font/FontRenderContext
instanceKlass sun/swing/SwingUtilities2
instanceKlass java/util/IdentityHashMap$IdentityHashMapIterator
instanceKlass java/awt/Toolkit$DesktopPropertyChangeSupport$1
instanceKlass java/util/ComparableTimSort
instanceKlass java/util/Arrays$LegacyMergeSort
instanceKlass sun/awt/SunHints$Value
instanceKlass java/awt/RenderingHints$Key
instanceKlass sun/awt/SunHints
instanceKlass java/awt/RenderingHints
instanceKlass sun/awt/windows/WDesktopProperties$WinPlaySound
instanceKlass java/awt/Color
instanceKlass java/awt/Paint
instanceKlass java/util/concurrent/locks/ReentrantReadWriteLock$WriteLock
instanceKlass java/util/concurrent/locks/ReentrantReadWriteLock$ReadLock
instanceKlass sun/nio/ch/Interruptible
instanceKlass java/util/concurrent/locks/ReentrantReadWriteLock
instanceKlass java/util/concurrent/locks/ReadWriteLock
instanceKlass sun/awt/windows/ThemeReader
instanceKlass sun/awt/windows/WDesktopProperties
instanceKlass java/lang/Shutdown$Lock
instanceKlass java/lang/Shutdown
instanceKlass java/lang/ApplicationShutdownHooks$1
instanceKlass java/lang/ApplicationShutdownHooks
instanceKlass sun/awt/windows/WToolkit$$Lambda$6
instanceKlass java/lang/invoke/LambdaForm$DMH
instanceKlass java/lang/invoke/LambdaForm$MH
instanceKlass sun/awt/windows/WToolkit$$Lambda$5
instanceKlass sun/awt/windows/WToolkit$$Lambda$4
instanceKlass sun/awt/windows/WToolkit$$Lambda$3
instanceKlass sun/awt/AWTAutoShutdown
instanceKlass sun/misc/ThreadGroupUtils
instanceKlass sun/java2d/Disposer$$Lambda$2
instanceKlass java/lang/invoke/LambdaForm$DMH
instanceKlass sun/java2d/Disposer$1
instanceKlass sun/java2d/Disposer
instanceKlass sun/awt/windows/WToolkit$ToolkitDisposer
instanceKlass sun/java2d/DisposerRecord
instanceKlass sun/misc/PerformanceLogger$TimeData
instanceKlass sun/misc/PerformanceLogger
instanceKlass sun/awt/SunToolkit$ModalityListenerList
instanceKlass sun/awt/ModalityListener
instanceKlass java/beans/PropertyChangeListener
instanceKlass java/beans/ChangeListenerMap
instanceKlass java/beans/PropertyChangeSupport
instanceKlass sun/awt/windows/WToolkit$2
instanceKlass sun/awt/DisplayChangedListener
instanceKlass sun/awt/image/SurfaceManager
instanceKlass sun/awt/image/SurfaceManager$ImageAccessor
instanceKlass java/awt/ImageCapabilities
instanceKlass java/awt/Image
instanceKlass sun/java2d/DestSurfaceProvider
instanceKlass sun/java2d/loops/RenderCache$Entry
instanceKlass sun/java2d/loops/RenderCache
instanceKlass sun/java2d/pipe/DrawImage
instanceKlass sun/java2d/pipe/GeneralCompositePipe
instanceKlass sun/java2d/pipe/SpanShapeRenderer
instanceKlass sun/java2d/pipe/AlphaPaintPipe
instanceKlass sun/java2d/pipe/AAShapePipe
instanceKlass sun/java2d/pipe/RegionIterator
instanceKlass sun/java2d/pipe/Region
instanceKlass sun/java2d/pipe/SpanClipRenderer
instanceKlass sun/java2d/pipe/PixelToShapeConverter
instanceKlass sun/java2d/pipe/AlphaColorPipe
instanceKlass sun/java2d/pipe/CompositePipe
instanceKlass sun/java2d/pipe/GlyphListPipe
instanceKlass sun/java2d/pipe/OutlineTextRenderer
instanceKlass sun/java2d/pipe/RenderingEngine$1
instanceKlass sun/java2d/pipe/RenderingEngine
instanceKlass sun/java2d/pipe/LoopPipe
instanceKlass sun/java2d/pipe/LoopBasedPipe
instanceKlass sun/java2d/pipe/ParallelogramPipe
instanceKlass sun/java2d/pipe/NullPipe
instanceKlass sun/java2d/pipe/DrawImagePipe
instanceKlass sun/java2d/pipe/TextPipe
instanceKlass sun/java2d/pipe/ShapeDrawPipe
instanceKlass sun/java2d/pipe/PixelFillPipe
instanceKlass sun/java2d/pipe/PixelDrawPipe
instanceKlass sun/java2d/StateTrackableDelegate$2
instanceKlass sun/java2d/StateTrackableDelegate
instanceKlass java/awt/color/ICC_Profile$1
instanceKlass sun/java2d/cmm/ProfileActivator
instanceKlass sun/java2d/cmm/ProfileDeferralMgr
instanceKlass java/awt/color/ICC_Profile
instanceKlass java/awt/color/ColorSpace
instanceKlass java/awt/image/ColorModel$1
instanceKlass java/awt/image/ColorModel
instanceKlass sun/awt/image/PixelConverter
instanceKlass sun/java2d/loops/SurfaceType
instanceKlass sun/java2d/SurfaceData
instanceKlass sun/java2d/Surface
instanceKlass sun/java2d/StateTrackable
instanceKlass sun/java2d/DisposerTarget
instanceKlass java/awt/Transparency
instanceKlass sun/awt/windows/WToolkit$1
instanceKlass java/awt/Toolkit$2
instanceKlass sun/awt/OSInfo$1
instanceKlass sun/awt/OSInfo$WindowsVersion
instanceKlass sun/awt/OSInfo
instanceKlass javax/swing/UIManager$LookAndFeelInfo
instanceKlass javax/swing/UIManager
instanceKlass javax/swing/SwingUtilities
instanceKlass javax/swing/event/EventListenerList
instanceKlass sun/awt/PostEventQueue
instanceKlass sun/awt/MostRecentKeyValue
instanceKlass java/awt/Queue
instanceKlass java/awt/EventQueue$2
instanceKlass sun/awt/AWTAccessor$EventQueueAccessor
instanceKlass java/awt/EventQueue$1
instanceKlass java/awt/EventQueue
instanceKlass sun/awt/AppContext$1
instanceKlass java/util/concurrent/locks/AbstractQueuedSynchronizer$ConditionObject
instanceKlass java/util/concurrent/locks/Condition
instanceKlass java/util/concurrent/locks/AbstractQueuedSynchronizer$Node
instanceKlass java/util/concurrent/locks/AbstractOwnableSynchronizer
instanceKlass sun/awt/KeyboardFocusManagerPeerProvider
instanceKlass sun/awt/InputMethodSupport
instanceKlass sun/awt/ComponentFactory
instanceKlass sun/awt/WindowClosingListener
instanceKlass sun/awt/WindowClosingSupport
instanceKlass sun/awt/AppContext$2
instanceKlass sun/awt/AppContext$3
instanceKlass sun/awt/AppContext$6
instanceKlass sun/misc/JavaAWTAccess
instanceKlass sun/awt/AppContext$GetAppContextLock
instanceKlass java/util/Collections$SynchronizedMap
instanceKlass sun/awt/AppContext
instanceKlass java/awt/Component$3
